#
# There is insufficient memory for the Java Runtime Environment to continue.
# Native memory allocation (malloc) failed to allocate 1252736 bytes for Chunk::new
# Possible reasons:
#   The system is out of physical RAM or swap space
#   In 32 bit mode, the process size limit was hit
# Possible solutions:
#   Reduce memory load on the system
#   Increase physical memory or swap space
#   Check if swap backing store is full
#   Use 64 bit Java on a 64 bit OS
#   Decrease Java heap size (-Xmx/-Xms)
#   Decrease number of Java threads
#   Decrease Java thread stack sizes (-Xss)
#   Set larger code cache with -XX:ReservedCodeCacheSize=
# This output file may be truncated or incomplete.
#
#  Out of Memory Error (allocation.cpp:390), pid=1340, tid=0x0000000000002fc0
#
# JRE version: Java(TM) SE Runtime Environment (8.0_131-b11) (build 1.8.0_131-b11)
# Java VM: Java HotSpot(TM) 64-Bit Server VM (25.131-b11 mixed mode windows-amd64 compressed oops)
# Failed to write core dump. Minidumps are not enabled by default on client versions of Windows
#

---------------  T H R E A D  ---------------

Current thread (0x00000000182b7000):  JavaThread "C2 CompilerThread1" daemon [_thread_in_native, id=12224, stack(0x0000000019cf0000,0x0000000019df0000)]

Stack: [0x0000000019cf0000,0x0000000019df0000]
[error occurred during error reporting (printing stack bounds), id 0xc0000005]

Native frames: (J=compiled Java code, j=interpreted, Vv=VM code, C=native code)


Current CompileTask:
C2:   9519 3757   !   4       org.springframework.util.ClassUtils::getMostSpecificMethod (76 bytes)


---------------  P R O C E S S  ---------------

Java Threads: ( => current thread )
  0x000000001c332000 JavaThread "RxIoScheduler-1 (Evictor)" daemon [_thread_blocked, id=20048, stack(0x000000001f9f0000,0x000000001faf0000)]
  0x000000001c333800 JavaThread "container-0" [_thread_blocked, id=16444, stack(0x000000001f6f0000,0x000000001f7f0000)]
  0x000000001c332800 JavaThread "ContainerBackgroundProcessor[StandardEngine[Tomcat]]" daemon [_thread_blocked, id=2004, stack(0x000000001f5f0000,0x000000001f6f0000)]
  0x000000001dee0000 JavaThread "localhost-startStop-1" daemon [_thread_blocked, id=17132, stack(0x000000001f4f0000,0x000000001f5f0000)]
  0x000000001dedf800 JavaThread "Tomcat-startStop-1" daemon [_thread_blocked, id=12612, stack(0x000000001ed30000,0x000000001ee30000)]
  0x000000001b555800 JavaThread "spring.cloud.inetutils" daemon [_thread_in_native, id=6404, stack(0x000000001bd70000,0x000000001be70000)]
  0x000000001abff000 JavaThread "spring.cloud.inetutils" daemon [_thread_in_native, id=5688, stack(0x000000001b970000,0x000000001ba70000)]
  0x0000000019680000 JavaThread "Service Thread" daemon [_thread_blocked, id=13692, stack(0x0000000019ef0000,0x0000000019ff0000)]
  0x00000000182db000 JavaThread "C1 CompilerThread2" daemon [_thread_blocked, id=16604, stack(0x0000000019df0000,0x0000000019ef0000)]
=>0x00000000182b7000 JavaThread "C2 CompilerThread1" daemon [_thread_in_native, id=12224, stack(0x0000000019cf0000,0x0000000019df0000)]
  0x00000000182af000 JavaThread "C2 CompilerThread0" daemon [_thread_in_native, id=16144, stack(0x0000000019bf0000,0x0000000019cf0000)]
  0x00000000182ad800 JavaThread "Attach Listener" daemon [_thread_blocked, id=18524, stack(0x0000000019af0000,0x0000000019bf0000)]
  0x0000000019633800 JavaThread "Signal Dispatcher" daemon [_thread_blocked, id=14000, stack(0x00000000199f0000,0x0000000019af0000)]
  0x0000000018280000 JavaThread "Finalizer" daemon [_thread_blocked, id=9844, stack(0x00000000194f0000,0x00000000195f0000)]
  0x0000000003715000 JavaThread "Reference Handler" daemon [_thread_blocked, id=16176, stack(0x00000000193f0000,0x00000000194f0000)]
  0x0000000003626800 JavaThread "main" [_thread_in_vm, id=4724, stack(0x0000000003520000,0x0000000003620000)]

Other Threads:
  0x0000000018258000 VMThread [stack: 0x00000000192f0000,0x00000000193f0000] [id=6292]
  0x00000000196ef800 WatcherThread [stack: 0x0000000019ff0000,0x000000001a0f0000] [id=11608]

VM state:not at safepoint (normal execution)

VM Mutex/Monitor currently owned by a thread: None

Heap:
 PSYoungGen      total 118784K, used 96015K [0x00000000d5c00000, 0x00000000deb00000, 0x0000000100000000)
  eden space 110080K, 87% used [0x00000000d5c00000,0x00000000db9c3fb0,0x00000000dc780000)
  from space 8704K, 0% used [0x00000000dda00000,0x00000000dda00000,0x00000000de280000)
  to   space 4608K, 0% used [0x00000000de680000,0x00000000de680000,0x00000000deb00000)
 ParOldGen       total 53760K, used 24614K [0x0000000081400000, 0x0000000084880000, 0x00000000d5c00000)
  object space 53760K, 45% used [0x0000000081400000,0x0000000082c099d8,0x0000000084880000)
 Metaspace       used 36637K, capacity 36992K, committed 37288K, reserved 1081344K
  class space    used 4618K, capacity 4719K, committed 4776K, reserved 1048576K

Card table byte_map: [0x0000000012ae0000,0x0000000012ee0000] byte_map_base: 0x00000000126d6000

Marking Bits: (ParMarkBitMap*) 0x000000006af5c720
 Begin Bits: [0x0000000013590000, 0x0000000015540000)
 End Bits:   [0x0000000015540000, 0x00000000174f0000)

Polling page: 0x0000000000ff0000

CodeCache: size=245760Kb used=12912Kb max_used=12912Kb free=232847Kb
 bounds [0x0000000003720000, 0x00000000043f0000, 0x0000000012720000]
 total_blobs=3857 nmethods=3426 adapters=343
 compilation: enabled

Compilation events (10 events):
Event: 9.508 Thread 0x00000000182db000 3986   !   2       com.sun.proxy.$Proxy20::annotationType (29 bytes)
Event: 9.508 Thread 0x00000000182db000 nmethod 3986 0x0000000003c681d0 code [0x0000000003c68360, 0x0000000003c68618]
Event: 9.510 Thread 0x00000000182db000 3987       2       org.springframework.context.annotation.CommonAnnotationBeanPostProcessor$1::<init> (15 bytes)
Event: 9.510 Thread 0x00000000182db000 nmethod 3987 0x0000000003c67e90 code [0x0000000003c67fe0, 0x0000000003c68150]
Event: 9.510 Thread 0x00000000182db000 3988       2       org.springframework.context.annotation.CommonAnnotationBeanPostProcessor$2::<init> (20 bytes)
Event: 9.510 Thread 0x00000000182db000 nmethod 3988 0x0000000003db0b10 code [0x0000000003db0c60, 0x0000000003db0df0]
Event: 9.510 Thread 0x00000000182db000 3989       2       org.springframework.beans.factory.annotation.AutowiredAnnotationBeanPostProcessor$2::<init> (15 bytes)
Event: 9.510 Thread 0x00000000182db000 nmethod 3989 0x0000000003c67b50 code [0x0000000003c67ca0, 0x0000000003c67e10]
Event: 9.510 Thread 0x00000000182db000 3990       2       org.springframework.beans.factory.annotation.AutowiredAnnotationBeanPostProcessor$3::<init> (20 bytes)
Event: 9.510 Thread 0x00000000182db000 nmethod 3990 0x0000000003db0790 code [0x0000000003db08e0, 0x0000000003db0a70]

GC Heap History (10 events):
Event: 5.552 GC heap before
{Heap before GC invocations=7 (full 1):
 PSYoungGen      total 71680K, used 66560K [0x00000000d5c00000, 0x00000000def00000, 0x0000000100000000)
  eden space 66560K, 100% used [0x00000000d5c00000,0x00000000d9d00000,0x00000000d9d00000)
  from space 5120K, 0% used [0x00000000d9d00000,0x00000000d9d00000,0x00000000da200000)
  to   space 8704K, 0% used [0x00000000de680000,0x00000000de680000,0x00000000def00000)
 ParOldGen       total 53760K, used 7482K [0x0000000081400000, 0x0000000084880000, 0x00000000d5c00000)
  object space 53760K, 13% used [0x0000000081400000,0x0000000081b4e970,0x0000000084880000)
 Metaspace       used 23475K, capacity 23830K, committed 24064K, reserved 1071104K
  class space    used 2916K, capacity 3016K, committed 3072K, reserved 1048576K
Event: 5.562 GC heap after
Heap after GC invocations=7 (full 1):
 PSYoungGen      total 114688K, used 4598K [0x00000000d5c00000, 0x00000000deb00000, 0x0000000100000000)
  eden space 110080K, 0% used [0x00000000d5c00000,0x00000000d5c00000,0x00000000dc780000)
  from space 4608K, 99% used [0x00000000de680000,0x00000000deafdbb0,0x00000000deb00000)
  to   space 8704K, 0% used [0x00000000dda00000,0x00000000dda00000,0x00000000de280000)
 ParOldGen       total 53760K, used 7490K [0x0000000081400000, 0x0000000084880000, 0x00000000d5c00000)
  object space 53760K, 13% used [0x0000000081400000,0x0000000081b50970,0x0000000084880000)
 Metaspace       used 23475K, capacity 23830K, committed 24064K, reserved 1071104K
  class space    used 2916K, capacity 3016K, committed 3072K, reserved 1048576K
}
Event: 6.712 GC heap before
{Heap before GC invocations=8 (full 1):
 PSYoungGen      total 114688K, used 114678K [0x00000000d5c00000, 0x00000000deb00000, 0x0000000100000000)
  eden space 110080K, 100% used [0x00000000d5c00000,0x00000000dc780000,0x00000000dc780000)
  from space 4608K, 99% used [0x00000000de680000,0x00000000deafdbb0,0x00000000deb00000)
  to   space 8704K, 0% used [0x00000000dda00000,0x00000000dda00000,0x00000000de280000)
 ParOldGen       total 53760K, used 7490K [0x0000000081400000, 0x0000000084880000, 0x00000000d5c00000)
  object space 53760K, 13% used [0x0000000081400000,0x0000000081b50970,0x0000000084880000)
 Metaspace       used 26644K, capacity 26984K, committed 27264K, reserved 1073152K
  class space    used 3347K, capacity 3451K, committed 3456K, reserved 1048576K
Event: 6.720 GC heap after
Heap after GC invocations=8 (full 1):
 PSYoungGen      total 118784K, used 8676K [0x00000000d5c00000, 0x00000000deb00000, 0x0000000100000000)
  eden space 110080K, 0% used [0x00000000d5c00000,0x00000000d5c00000,0x00000000dc780000)
  from space 8704K, 99% used [0x00000000dda00000,0x00000000de279058,0x00000000de280000)
  to   space 4608K, 0% used [0x00000000de680000,0x00000000de680000,0x00000000deb00000)
 ParOldGen       total 53760K, used 7748K [0x0000000081400000, 0x0000000084880000, 0x00000000d5c00000)
  object space 53760K, 14% used [0x0000000081400000,0x0000000081b91188,0x0000000084880000)
 Metaspace       used 26644K, capacity 26984K, committed 27264K, reserved 1073152K
  class space    used 3347K, capacity 3451K, committed 3456K, reserved 1048576K
}
Event: 7.913 GC heap before
{Heap before GC invocations=9 (full 1):
 PSYoungGen      total 118784K, used 118756K [0x00000000d5c00000, 0x00000000deb00000, 0x0000000100000000)
  eden space 110080K, 100% used [0x00000000d5c00000,0x00000000dc780000,0x00000000dc780000)
  from space 8704K, 99% used [0x00000000dda00000,0x00000000de279058,0x00000000de280000)
  to   space 4608K, 0% used [0x00000000de680000,0x00000000de680000,0x00000000deb00000)
 ParOldGen       total 53760K, used 7748K [0x0000000081400000, 0x0000000084880000, 0x00000000d5c00000)
  object space 53760K, 14% used [0x0000000081400000,0x0000000081b91188,0x0000000084880000)
 Metaspace       used 32839K, capacity 33214K, committed 33408K, reserved 1079296K
  class space    used 4096K, capacity 4196K, committed 4224K, reserved 1048576K
Event: 7.926 GC heap after
Heap after GC invocations=9 (full 1):
 PSYoungGen      total 114688K, used 4586K [0x00000000d5c00000, 0x00000000deb00000, 0x0000000100000000)
  eden space 110080K, 0% used [0x00000000d5c00000,0x00000000d5c00000,0x00000000dc780000)
  from space 4608K, 99% used [0x00000000de680000,0x00000000deafa978,0x00000000deb00000)
  to   space 8704K, 0% used [0x00000000dda00000,0x00000000dda00000,0x00000000de280000)
 ParOldGen       total 53760K, used 20132K [0x0000000081400000, 0x0000000084880000, 0x00000000d5c00000)
  object space 53760K, 37% used [0x0000000081400000,0x00000000827a9270,0x0000000084880000)
 Metaspace       used 32839K, capacity 33214K, committed 33408K, reserved 1079296K
  class space    used 4096K, capacity 4196K, committed 4224K, reserved 1048576K
}
Event: 8.681 GC heap before
{Heap before GC invocations=10 (full 1):
 PSYoungGen      total 114688K, used 88214K [0x00000000d5c00000, 0x00000000deb00000, 0x0000000100000000)
  eden space 110080K, 75% used [0x00000000d5c00000,0x00000000dadab1b0,0x00000000dc780000)
  from space 4608K, 99% used [0x00000000de680000,0x00000000deafa978,0x00000000deb00000)
  to   space 8704K, 0% used [0x00000000dda00000,0x00000000dda00000,0x00000000de280000)
 ParOldGen       total 53760K, used 20132K [0x0000000081400000, 0x0000000084880000, 0x00000000d5c00000)
  object space 53760K, 37% used [0x0000000081400000,0x00000000827a9270,0x0000000084880000)
 Metaspace       used 34873K, capacity 35260K, committed 35496K, reserved 1081344K
  class space    used 4371K, capacity 4489K, committed 4520K, reserved 1048576K
Event: 8.692 GC heap after
Heap after GC invocations=10 (full 1):
 PSYoungGen      total 118784K, used 7148K [0x00000000d5c00000, 0x00000000deb00000, 0x0000000100000000)
  eden space 110080K, 0% used [0x00000000d5c00000,0x00000000d5c00000,0x00000000dc780000)
  from space 8704K, 82% used [0x00000000dda00000,0x00000000de0fb3c0,0x00000000de280000)
  to   space 4608K, 0% used [0x00000000de680000,0x00000000de680000,0x00000000deb00000)
 ParOldGen       total 53760K, used 21015K [0x0000000081400000, 0x0000000084880000, 0x00000000d5c00000)
  object space 53760K, 39% used [0x0000000081400000,0x0000000082885df8,0x0000000084880000)
 Metaspace       used 34873K, capacity 35260K, committed 35496K, reserved 1081344K
  class space    used 4371K, capacity 4489K, committed 4520K, reserved 1048576K
}
Event: 8.692 GC heap before
{Heap before GC invocations=11 (full 2):
 PSYoungGen      total 118784K, used 7148K [0x00000000d5c00000, 0x00000000deb00000, 0x0000000100000000)
  eden space 110080K, 0% used [0x00000000d5c00000,0x00000000d5c00000,0x00000000dc780000)
  from space 8704K, 82% used [0x00000000dda00000,0x00000000de0fb3c0,0x00000000de280000)
  to   space 4608K, 0% used [0x00000000de680000,0x00000000de680000,0x00000000deb00000)
 ParOldGen       total 53760K, used 21015K [0x0000000081400000, 0x0000000084880000, 0x00000000d5c00000)
  object space 53760K, 39% used [0x0000000081400000,0x0000000082885df8,0x0000000084880000)
 Metaspace       used 34873K, capacity 35260K, committed 35496K, reserved 1081344K
  class space    used 4371K, capacity 4489K, committed 4520K, reserved 1048576K
Event: 8.801 GC heap after
Heap after GC invocations=11 (full 2):
 PSYoungGen      total 118784K, used 0K [0x00000000d5c00000, 0x00000000deb00000, 0x0000000100000000)
  eden space 110080K, 0% used [0x00000000d5c00000,0x00000000d5c00000,0x00000000dc780000)
  from space 8704K, 0% used [0x00000000dda00000,0x00000000dda00000,0x00000000de280000)
  to   space 4608K, 0% used [0x00000000de680000,0x00000000de680000,0x00000000deb00000)
 ParOldGen       total 53760K, used 24614K [0x0000000081400000, 0x0000000084880000, 0x00000000d5c00000)
  object space 53760K, 45% used [0x0000000081400000,0x0000000082c099d8,0x0000000084880000)
 Metaspace       used 34873K, capacity 35260K, committed 35496K, reserved 1081344K
  class space    used 4371K, capacity 4489K, committed 4520K, reserved 1048576K
}

Deoptimization events (10 events):
Event: 8.579 Thread 0x0000000003626800 Uncommon trap: reason=unstable_if action=reinterpret pc=0x000000000426c7ac method=org.springframework.aop.framework.autoproxy.AbstractAutoProxyCreator.predictBeanType(Ljava/lang/Class;Ljava/lang/String;)Ljava/lang/Class; @ 9
Event: 8.670 Thread 0x0000000003626800 Uncommon trap: reason=class_check action=maybe_recompile pc=0x0000000004157b8c method=org.springframework.asm.ClassReader.readCode(Lorg/springframework/asm/MethodVisitor;Lorg/springframework/asm/Context;I)V @ 2844
Event: 8.674 Thread 0x0000000003626800 Uncommon trap: reason=unstable_if action=reinterpret pc=0x0000000003a2b280 method=org.springframework.beans.factory.support.AbstractAutowireCapableBeanFactory.predictBeanType(Ljava/lang/String;Lorg/springframework/beans/factory/support/RootBeanDefinition;
Event: 9.069 Thread 0x0000000003626800 Uncommon trap: reason=unstable_if action=reinterpret pc=0x0000000003eb617c method=java.util.concurrent.ConcurrentHashMap.putVal(Ljava/lang/Object;Ljava/lang/Object;Z)Ljava/lang/Object; @ 331
Event: 9.070 Thread 0x0000000003626800 Uncommon trap: reason=unstable_if action=reinterpret pc=0x000000000426e024 method=java.util.concurrent.ConcurrentHashMap.get(Ljava/lang/Object;)Ljava/lang/Object; @ 86
Event: 9.102 Thread 0x0000000003626800 Uncommon trap: reason=bimorphic action=maybe_recompile pc=0x0000000003e29318 method=java.util.regex.Pattern$BmpCharProperty.match(Ljava/util/regex/Matcher;ILjava/lang/CharSequence;)Z @ 31
Event: 9.102 Thread 0x0000000003626800 Uncommon trap: reason=bimorphic action=maybe_recompile pc=0x0000000003e29318 method=java.util.regex.Pattern$BmpCharProperty.match(Ljava/util/regex/Matcher;ILjava/lang/CharSequence;)Z @ 31
Event: 9.102 Thread 0x0000000003626800 Uncommon trap: reason=bimorphic action=maybe_recompile pc=0x0000000003e29318 method=java.util.regex.Pattern$BmpCharProperty.match(Ljava/util/regex/Matcher;ILjava/lang/CharSequence;)Z @ 31
Event: 9.284 Thread 0x0000000003626800 Uncommon trap: reason=unstable_if action=reinterpret pc=0x0000000003e33540 method=java.util.concurrent.ConcurrentHashMap.transfer([Ljava/util/concurrent/ConcurrentHashMap$Node;[Ljava/util/concurrent/ConcurrentHashMap$Node;)V @ 356
Event: 9.285 Thread 0x0000000003626800 Uncommon trap: reason=unstable_if action=reinterpret pc=0x0000000003d96ccc method=java.util.concurrent.ConcurrentHashMap.transfer([Ljava/util/concurrent/ConcurrentHashMap$Node;[Ljava/util/concurrent/ConcurrentHashMap$Node;)V @ 356

Internal exceptions (10 events):
Event: 9.501 Thread 0x0000000003626800 Exception <a 'java/lang/ClassNotFoundException': org/springframework/context/ApplicationContextAwareCustomizer> (0x00000000db590620) thrown at [C:\re\workspace\8-2-build-windows-amd64-cygwin\jdk8u131\8869\hotspot\src\share\vm\classfile\systemDictionary.cp
Event: 9.502 Thread 0x0000000003626800 Exception <a 'java/lang/ClassNotFoundException': org/springframework/beans/factory/InitializingBeanCustomizer> (0x00000000db5b2238) thrown at [C:\re\workspace\8-2-build-windows-amd64-cygwin\jdk8u131\8869\hotspot\src\share\vm\classfile\systemDictionary.cpp
Event: 9.502 Thread 0x0000000003626800 Exception <a 'java/lang/ClassNotFoundException': org/springframework/beans/factory/DisposableBeanCustomizer> (0x00000000db5d17f0) thrown at [C:\re\workspace\8-2-build-windows-amd64-cygwin\jdk8u131\8869\hotspot\src\share\vm\classfile\systemDictionary.cpp, 
Event: 9.511 Thread 0x0000000003626800 Exception <a 'java/lang/ClassNotFoundException': java/lang/ObjectCustomizer> (0x00000000db6e41a0) thrown at [C:\re\workspace\8-2-build-windows-amd64-cygwin\jdk8u131\8869\hotspot\src\share\vm\classfile\systemDictionary.cpp, line 210]
Event: 9.511 Thread 0x0000000003626800 Exception <a 'java/lang/ClassNotFoundException': org/springframework/context/support/ApplicationObjectSupportCustomizer> (0x00000000db70bbf0) thrown at [C:\re\workspace\8-2-build-windows-amd64-cygwin\jdk8u131\8869\hotspot\src\share\vm\classfile\systemDict
Event: 9.511 Thread 0x0000000003626800 Exception <a 'java/lang/ClassNotFoundException': org/springframework/web/context/support/WebApplicationObjectSupportCustomizer> (0x00000000db737558) thrown at [C:\re\workspace\8-2-build-windows-amd64-cygwin\jdk8u131\8869\hotspot\src\share\vm\classfile\sys
Event: 9.512 Thread 0x0000000003626800 Exception <a 'java/lang/ClassNotFoundException': org/springframework/web/servlet/support/WebContentGeneratorCustomizer> (0x00000000db75d710) thrown at [C:\re\workspace\8-2-build-windows-amd64-cygwin\jdk8u131\8869\hotspot\src\share\vm\classfile\systemDicti
Event: 9.512 Thread 0x0000000003626800 Exception <a 'java/lang/ClassNotFoundException': org/springframework/web/servlet/mvc/method/AbstractHandlerMethodAdapterCustomizer> (0x00000000db7a4f00) thrown at [C:\re\workspace\8-2-build-windows-amd64-cygwin\jdk8u131\8869\hotspot\src\share\vm\classfile
Event: 9.513 Thread 0x0000000003626800 Exception <a 'java/lang/ClassNotFoundException': org/springframework/web/servlet/mvc/method/annotation/RequestMappingHandlerAdapterCustomizer> (0x00000000db7da240) thrown at [C:\re\workspace\8-2-build-windows-amd64-cygwin\jdk8u131\8869\hotspot\src\share\v
Event: 9.515 Thread 0x0000000003626800 Exception <a 'java/lang/ClassNotFoundException': org/springframework/beans/factory/BeanFactoryAwareCustomizer> (0x00000000db882488) thrown at [C:\re\workspace\8-2-build-windows-amd64-cygwin\jdk8u131\8869\hotspot\src\share\vm\classfile\systemDictionary.cpp

Events (10 events):
Event: 9.514 loading class org/springframework/beans/factory/BeanFactoryAwareCustomizer
Event: 9.514 loading class org/springframework/beans/factory/BeanFactoryAwareCustomizer done
Event: 9.515 loading class org/springframework/beans/factory/BeanFactoryAwareCustomizer
Event: 9.515 loading class org/springframework/beans/factory/BeanFactoryAwareCustomizer done
Event: 9.515 loading class org/springframework/beans/factory/BeanFactoryAwareCustomizer
Event: 9.515 loading class org/springframework/beans/factory/BeanFactoryAwareCustomizer done
Event: 9.515 loading class org/springframework/beans/factory/InitializingBeanCustomizer
Event: 9.515 loading class org/springframework/beans/factory/InitializingBeanCustomizer done
Event: 9.516 loading class org/springframework/beans/factory/InitializingBeanCustomizer
Event: 9.516 loading class org/springframework/beans/factory/InitializingBeanCustomizer done


Dynamic libraries:
0x00007ff7efd10000 - 0x00007ff7efd47000 	C:\Program Files\Java\jre1.8.0_131\bin\javaw.exe
0x00007ffbb5110000 - 0x00007ffbb52f1000 	C:\Windows\SYSTEM32\ntdll.dll
0x00007ffbb30b0000 - 0x00007ffbb3162000 	C:\Windows\System32\KERNEL32.DLL
0x00007ffbb1c70000 - 0x00007ffbb1ee3000 	C:\Windows\System32\KERNELBASE.dll
0x00007ffbb2f50000 - 0x00007ffbb2ff1000 	C:\Windows\System32\ADVAPI32.dll
0x00007ffbb4fb0000 - 0x00007ffbb504e000 	C:\Windows\System32\msvcrt.dll
0x00007ffbb2930000 - 0x00007ffbb298b000 	C:\Windows\System32\sechost.dll
0x00007ffbb3300000 - 0x00007ffbb3424000 	C:\Windows\System32\RPCRT4.dll
0x00007ffbb3170000 - 0x00007ffbb3300000 	C:\Windows\System32\USER32.dll
0x00007ffbb1c50000 - 0x00007ffbb1c70000 	C:\Windows\System32\win32u.dll
0x00007ffbb3500000 - 0x00007ffbb3528000 	C:\Windows\System32\GDI32.dll
0x00007ffbb1fe0000 - 0x00007ffbb2172000 	C:\Windows\System32\gdi32full.dll
0x00007ffbb1f40000 - 0x00007ffbb1fdf000 	C:\Windows\System32\msvcp_win.dll
0x00007ffbb2180000 - 0x00007ffbb2278000 	C:\Windows\System32\ucrtbase.dll
0x00007ffba4c60000 - 0x00007ffba4ec9000 	C:\Windows\WinSxS\amd64_microsoft.windows.common-controls_6595b64144ccf1df_6.0.17134.648_none_fb45a0e93062a6d2\COMCTL32.dll
0x00007ffbb25a0000 - 0x00007ffbb28c2000 	C:\Windows\System32\combase.dll
0x00007ffbb2280000 - 0x00007ffbb22fa000 	C:\Windows\System32\bcryptPrimitives.dll
0x00007ffbb3000000 - 0x00007ffbb302d000 	C:\Windows\System32\IMM32.DLL
0x000000006c3b0000 - 0x000000006c482000 	C:\Program Files\Java\jre1.8.0_131\bin\msvcr100.dll
0x000000006a740000 - 0x000000006afdc000 	C:\Program Files\Java\jre1.8.0_131\bin\server\jvm.dll
0x00007ffbb3b00000 - 0x00007ffbb3b08000 	C:\Windows\System32\PSAPI.DLL
0x00007ffbaa7a0000 - 0x00007ffbaa7a9000 	C:\Windows\SYSTEM32\WSOCK32.dll
0x00007ffbb3030000 - 0x00007ffbb309c000 	C:\Windows\System32\WS2_32.dll
0x00007ffbaf690000 - 0x00007ffbaf6b3000 	C:\Windows\SYSTEM32\WINMM.dll
0x00007ffba26d0000 - 0x00007ffba26da000 	C:\Windows\SYSTEM32\VERSION.dll
0x00007ffbaf630000 - 0x00007ffbaf65a000 	C:\Windows\SYSTEM32\WINMMBASE.dll
0x00007ffbb1ef0000 - 0x00007ffbb1f39000 	C:\Windows\System32\cfgmgr32.dll
0x000000006a730000 - 0x000000006a73f000 	C:\Program Files\Java\jre1.8.0_131\bin\verify.dll
0x000000006a700000 - 0x000000006a729000 	C:\Program Files\Java\jre1.8.0_131\bin\java.dll
0x000000006a6e0000 - 0x000000006a6f6000 	C:\Program Files\Java\jre1.8.0_131\bin\zip.dll
0x00007ffbb3b70000 - 0x00007ffbb4fb0000 	C:\Windows\System32\SHELL32.dll
0x00007ffbb3450000 - 0x00007ffbb34f9000 	C:\Windows\System32\shcore.dll
0x00007ffbb14e0000 - 0x00007ffbb1bed000 	C:\Windows\System32\windows.storage.dll
0x00007ffbb3b10000 - 0x00007ffbb3b61000 	C:\Windows\System32\shlwapi.dll
0x00007ffbb14c0000 - 0x00007ffbb14d1000 	C:\Windows\System32\kernel.appcore.dll
0x00007ffbb1420000 - 0x00007ffbb143f000 	C:\Windows\System32\profapi.dll
0x00007ffbb1450000 - 0x00007ffbb149c000 	C:\Windows\System32\powrprof.dll
0x00007ffbb1440000 - 0x00007ffbb144a000 	C:\Windows\System32\FLTLIB.DLL
0x000000006a6c0000 - 0x000000006a6da000 	C:\Program Files\Java\jre1.8.0_131\bin\net.dll
0x00007ffbb0ca0000 - 0x00007ffbb0d06000 	C:\Windows\system32\mswsock.dll
0x00007ffbb0a20000 - 0x00007ffbb0a58000 	C:\Windows\SYSTEM32\IPHLPAPI.DLL
0x00007ffbb30a0000 - 0x00007ffbb30a8000 	C:\Windows\System32\NSI.dll
0x00007ffbacab0000 - 0x00007ffbacac6000 	C:\Windows\SYSTEM32\dhcpcsvc6.DLL
0x00007ffbac700000 - 0x00007ffbac71a000 	C:\Windows\SYSTEM32\dhcpcsvc.DLL
0x00007ffbb0a60000 - 0x00007ffbb0b1e000 	C:\Windows\SYSTEM32\DNSAPI.dll
0x000000006cac0000 - 0x000000006cae6000 	C:\Program Files\Bonjour\mdnsNSP.dll
0x000000006c6a0000 - 0x000000006c6ad000 	C:\Program Files\Java\jre1.8.0_131\bin\management.dll
0x00007ffba0500000 - 0x00007ffba0516000 	C:\Windows\system32\napinsp.dll
0x00007ffba04b0000 - 0x00007ffba04ca000 	C:\Windows\system32\pnrpnsp.dll
0x00007ffbaed50000 - 0x00007ffbaed69000 	C:\Windows\system32\NLAapi.dll
0x00007ffba0760000 - 0x00007ffba076e000 	C:\Windows\System32\winrnr.dll
0x00007ffbac550000 - 0x00007ffbac55a000 	C:\Windows\System32\rasadhlp.dll
0x00007ffbaae50000 - 0x00007ffbaaec2000 	C:\Windows\System32\fwpuclnt.dll
0x00007ffbb0f80000 - 0x00007ffbb0fa5000 	C:\Windows\SYSTEM32\bcrypt.dll
0x000000006a6a0000 - 0x000000006a6b1000 	C:\Program Files\Java\jre1.8.0_131\bin\nio.dll
0x00007ffbb0e50000 - 0x00007ffbb0e67000 	C:\Windows\SYSTEM32\CRYPTSP.dll
0x00007ffbb0880000 - 0x00007ffbb08b3000 	C:\Windows\system32\rsaenh.dll
0x00007ffbb1350000 - 0x00007ffbb1378000 	C:\Windows\SYSTEM32\USERENV.dll
0x00007ffbb0e70000 - 0x00007ffbb0e7b000 	C:\Windows\SYSTEM32\CRYPTBASE.dll

VM Arguments:
jvm_args: -Dfile.encoding=UTF-8 
java_command: com.lance.eshop.SayHelloApplication
java_class_path (initial): C:\Program Files\Java\jre1.8.0_131\lib\resources.jar;C:\Program Files\Java\jre1.8.0_131\lib\rt.jar;C:\Program Files\Java\jre1.8.0_131\lib\jsse.jar;C:\Program Files\Java\jre1.8.0_131\lib\jce.jar;C:\Program Files\Java\jre1.8.0_131\lib\charsets.jar;C:\Program Files\Java\jre1.8.0_131\lib\jfr.jar;C:\Program Files\Java\jre1.8.0_131\lib\ext\access-bridge-64.jar;C:\Program Files\Java\jre1.8.0_131\lib\ext\cldrdata.jar;C:\Program Files\Java\jre1.8.0_131\lib\ext\dnsns.jar;C:\Program Files\Java\jre1.8.0_131\lib\ext\dns_sd.jar;C:\Program Files\Java\jre1.8.0_131\lib\ext\jaccess.jar;C:\Program Files\Java\jre1.8.0_131\lib\ext\jfxrt.jar;C:\Program Files\Java\jre1.8.0_131\lib\ext\localedata.jar;C:\Program Files\Java\jre1.8.0_131\lib\ext\nashorn.jar;C:\Program Files\Java\jre1.8.0_131\lib\ext\sunec.jar;C:\Program Files\Java\jre1.8.0_131\lib\ext\sunjce_provider.jar;C:\Program Files\Java\jre1.8.0_131\lib\ext\sunmscapi.jar;C:\Program Files\Java\jre1.8.0_131\lib\ext\sunpkcs11.jar;C:\Program Files\Java\jre1.8.0_131\lib\ext\zipfs.jar;D:\workspace\say-hello-service\target\classes;D:\repository\org\springframework\cloud\spring-cloud-starter-eureka-server\1.4.6.RELEASE\spring-cloud-starter-eureka-server-1.4.6.RELEASE.jar;D:\repository\org\springframework\cloud\spring-cloud-starter-netflix-eureka-server\1.4.6.RELEASE\spring-cloud-starter-netflix-eureka-server-1.4.6.RELEASE.jar;D:\repository\org\springframework\cloud\spring-cloud-starter\1.3.5.RELEASE\spring-cloud-starter-1.3.5.RELEASE.jar;D:\repository\org\springframework\cloud\spring-cloud-context\1.3.5.RELEASE\spring-cloud-context-1.3.5.RELEASE.jar;D:\repository\org\springframework\security\spring-security-crypto\4.2.8.RELEASE\spring-security-crypto-4.2.8.RELEASE.jar;D:\repository\org\springframework\cloud\spring-cloud-commons\1.3.5.RELEASE\spring-cloud-commons-1.3.5.RELEASE.jar;D:\repository\org\springframework\security\spring-security-rsa\1.0.3.RELEASE\spring-security-rsa-1.0.3.RELEASE.jar;D:\repository\org\bounc
Launcher Type: SUN_STANDARD

Environment Variables:
JAVA_HOME=D:\soft_javaee\jdk1.8.0_121
CLASSPATH=D:\soft_javaee\apache-jmeter-5.0\lib\ext\ApacheJMeter_core.jar;D:\soft_javaee\apache-jmeter-5.0\lib\jorphan.jar;D:\soft_javaee\apache-jmeter-5.0\lib/logkit-2.0.jar
PATH=C:/Program Files/Java/jre1.8.0_131/bin/server;C:/Program Files/Java/jre1.8.0_131/bin;C:/Program Files/Java/jre1.8.0_131/lib/amd64;C:\Program Files\Microsoft MPI\Bin\;C:\ProgramData\Oracle\Java\javapath;C:\Windows\system32;C:\Windows;C:\Windows\System32\Wbem;C:\Windows\System32\WindowsPowerShell\v1.0\;C:\Windows\System32\OpenSSH\;C:\Program Files\MySQL\MySQL Utilities 1.6\;C:\Program Files\Git\cmd;C:\Program Files\Microsoft SQL Server\Client SDK\ODBC\130\Tools\Binn\;C:\Program Files (x86)\Microsoft SQL Server\140\Tools\Binn\;C:\Program Files\Microsoft SQL Server\140\Tools\Binn\;C:\Program Files\Microsoft SQL Server\140\DTS\Binn\;C:\Program Files\TortoiseGit\bin;D:\soft_javaee\jdk1.8.0_121\bin\;D:\soft_javaee\jdk1.8.0_121\jre\bin\;C:\Program Files\TortoiseSVN\bin;C:\Users\Administrator\AppData\Local\Microsoft\WindowsApps;;D:\eclipse-win32-x86_64\eclipse;
USERNAME=Administrator
OS=Windows_NT
PROCESSOR_IDENTIFIER=Intel64 Family 6 Model 158 Stepping 11, GenuineIntel



---------------  S Y S T E M  ---------------

OS: Windows 10.0 , 64 bit Build 17134 (10.0.17134.648)

CPU:total 4 (initial active 4) (4 cores per cpu, 1 threads per core) family 6 model 158 stepping 11, cmov, cx8, fxsr, mmx, sse, sse2, sse3, ssse3, sse4.1, sse4.2, popcnt, avx, avx2, aes, clmul, erms, 3dnowpref, lzcnt, tsc, tscinvbit, bmi1, bmi2, adx

Memory: 4k page, physical 8304820k(985180k free), swap 16069424k(6032k free)

vm_info: Java HotSpot(TM) 64-Bit Server VM (25.131-b11) for windows-amd64 JRE (1.8.0_131-b11), built on Mar 15 2017 01:23:53 by "java_re" with MS VC++ 10.0 (VS2010)

time: Thu Mar 21 18:14:27 2019
elapsed time: 9 seconds (0d 0h 0m 9s)

