#
# There is insufficient memory for the Java Runtime Environment to continue.
# Native memory allocation (malloc) failed to allocate 125856 bytes for Chunk::new
# Possible reasons:
#   The system is out of physical RAM or swap space
#   In 32 bit mode, the process size limit was hit
# Possible solutions:
#   Reduce memory load on the system
#   Increase physical memory or swap space
#   Check if swap backing store is full
#   Use 64 bit Java on a 64 bit OS
#   Decrease Java heap size (-Xmx/-Xms)
#   Decrease number of Java threads
#   Decrease Java thread stack sizes (-Xss)
#   Set larger code cache with -XX:ReservedCodeCacheSize=
# This output file may be truncated or incomplete.
#
#  Out of Memory Error (allocation.cpp:390), pid=12064, tid=0x0000000000003fe4
#
# JRE version: Java(TM) SE Runtime Environment (8.0_131-b11) (build 1.8.0_131-b11)
# Java VM: Java HotSpot(TM) 64-Bit Server VM (25.131-b11 mixed mode windows-amd64 compressed oops)
# Failed to write core dump. Minidumps are not enabled by default on client versions of Windows
#

---------------  T H R E A D  ---------------

Current thread (0x0000000019482000):  JavaThread "C2 CompilerThread1" daemon [_thread_in_native, id=16356, stack(0x0000000019b20000,0x0000000019c20000)]

Stack: [0x0000000019b20000,0x0000000019c20000]
[error occurred during error reporting (printing stack bounds), id 0xc0000005]

Native frames: (J=compiled Java code, j=interpreted, Vv=VM code, C=native code)


Current CompileTask:
C2:    347  208  s!   4       sun.misc.URLClassPath::getLoader (243 bytes)


---------------  P R O C E S S  ---------------

Java Threads: ( => current thread )
  0x0000000019488000 JavaThread "Service Thread" daemon [_thread_blocked, id=15820, stack(0x0000000019d20000,0x0000000019e20000)]
  0x0000000019482800 JavaThread "C1 CompilerThread2" daemon [_thread_in_native, id=12492, stack(0x0000000019c20000,0x0000000019d20000)]
=>0x0000000019482000 JavaThread "C2 CompilerThread1" daemon [_thread_in_native, id=16356, stack(0x0000000019b20000,0x0000000019c20000)]
  0x0000000017fdf000 JavaThread "C2 CompilerThread0" daemon [_thread_in_native, id=6968, stack(0x0000000019a20000,0x0000000019b20000)]
  0x0000000017fdd800 JavaThread "Attach Listener" daemon [_thread_blocked, id=14948, stack(0x0000000019920000,0x0000000019a20000)]
  0x0000000019463800 JavaThread "Signal Dispatcher" daemon [_thread_blocked, id=3412, stack(0x0000000019820000,0x0000000019920000)]
  0x0000000017fb0000 JavaThread "Finalizer" daemon [_thread_blocked, id=12388, stack(0x0000000019220000,0x0000000019320000)]
  0x0000000003445000 JavaThread "Reference Handler" daemon [_thread_blocked, id=15876, stack(0x0000000019120000,0x0000000019220000)]
  0x0000000003356800 JavaThread "main" [_thread_in_vm, id=6296, stack(0x0000000003200000,0x0000000003300000)]

Other Threads:
  0x0000000017f88000 VMThread [stack: 0x0000000019020000,0x0000000019120000] [id=20456]
  0x0000000019526000 WatcherThread [stack: 0x0000000019e20000,0x0000000019f20000] [id=13156]

VM state:not at safepoint (normal execution)

VM Mutex/Monitor currently owned by a thread: None

Heap:
 PSYoungGen      total 38400K, used 7979K [0x00000000d5c00000, 0x00000000d8680000, 0x0000000100000000)
  eden space 33280K, 23% used [0x00000000d5c00000,0x00000000d63cad58,0x00000000d7c80000)
  from space 5120K, 0% used [0x00000000d8180000,0x00000000d8180000,0x00000000d8680000)
  to   space 5120K, 0% used [0x00000000d7c80000,0x00000000d7c80000,0x00000000d8180000)
 ParOldGen       total 87552K, used 0K [0x0000000081400000, 0x0000000086980000, 0x00000000d5c00000)
  object space 87552K, 0% used [0x0000000081400000,0x0000000081400000,0x0000000086980000)
 Metaspace       used 3473K, capacity 4716K, committed 4864K, reserved 1056768K
  class space    used 392K, capacity 424K, committed 512K, reserved 1048576K

Card table byte_map: [0x0000000012810000,0x0000000012c10000] byte_map_base: 0x0000000012406000

Marking Bits: (ParMarkBitMap*) 0x000000006af5c720
 Begin Bits: [0x00000000132c0000, 0x0000000015270000)
 End Bits:   [0x0000000015270000, 0x0000000017220000)

Polling page: 0x00000000010e0000

CodeCache: size=245760Kb used=1516Kb max_used=1516Kb free=244243Kb
 bounds [0x0000000003450000, 0x00000000036c0000, 0x0000000012450000]
 total_blobs=450 nmethods=211 adapters=152
 compilation: enabled

Compilation events (10 events):
Event: 0.331 Thread 0x0000000019482800  206       3       java.util.jar.Manifest$FastInputStream::peek (38 bytes)
Event: 0.331 Thread 0x0000000019482800 nmethod 206 0x00000000035ca550 code [0x00000000035ca6c0, 0x00000000035ca908]
Event: 0.331 Thread 0x0000000019482800  207       3       java.lang.String::checkBounds (46 bytes)
Event: 0.331 Thread 0x0000000019482800 nmethod 207 0x00000000035caa10 code [0x00000000035caba0, 0x00000000035caf08]
Event: 0.332 Thread 0x0000000019482000  208  s!   4       sun.misc.URLClassPath::getLoader (243 bytes)
Event: 0.332 Thread 0x0000000017fdf000  209  s    4       sun.misc.URLClassPath::getNextLoader (88 bytes)
Event: 0.333 Thread 0x0000000019482800  211       1       sun.misc.URLClassPath$Loader::getBaseURL (5 bytes)
Event: 0.333 Thread 0x0000000019482800 nmethod 211 0x00000000035c6ad0 code [0x00000000035c6c20, 0x00000000035c6d30]
Event: 0.334 Thread 0x0000000019482800  212       3       java.util.concurrent.ConcurrentHashMap::spread (10 bytes)
Event: 0.334 Thread 0x0000000019482800 nmethod 212 0x00000000035cb0d0 code [0x00000000035cb220, 0x00000000035cb370]

GC Heap History (0 events):
No events

Deoptimization events (1 events):
Event: 0.231 Thread 0x0000000003356800 Uncommon trap: reason=unstable_if action=reinterpret pc=0x000000000355d7b8 method=java.lang.String.hashCode()I @ 14

Internal exceptions (6 events):
Event: 0.049 Thread 0x0000000003356800 Exception <a 'java/lang/NoSuchMethodError': Method sun.misc.Unsafe.defineClass(Ljava/lang/String;[BII)Ljava/lang/Class; name or signature does not match> (0x00000000d5c07ca8) thrown at [C:\re\workspace\8-2-build-windows-amd64-cygwin\jdk8u131\8869\hotspot\
Event: 0.049 Thread 0x0000000003356800 Exception <a 'java/lang/NoSuchMethodError': Method sun.misc.Unsafe.prefetchRead(Ljava/lang/Object;J)V name or signature does not match> (0x00000000d5c07f90) thrown at [C:\re\workspace\8-2-build-windows-amd64-cygwin\jdk8u131\8869\hotspot\src\share\vm\prims
Event: 0.327 Thread 0x0000000003356800 Exception <a 'java/security/PrivilegedActionException'> (0x00000000d625a628) thrown at [C:\re\workspace\8-2-build-windows-amd64-cygwin\jdk8u131\8869\hotspot\src\share\vm\prims\jvm.cpp, line 1390]
Event: 0.327 Thread 0x0000000003356800 Exception <a 'java/security/PrivilegedActionException'> (0x00000000d625a838) thrown at [C:\re\workspace\8-2-build-windows-amd64-cygwin\jdk8u131\8869\hotspot\src\share\vm\prims\jvm.cpp, line 1390]
Event: 0.328 Thread 0x0000000003356800 Exception <a 'java/security/PrivilegedActionException'> (0x00000000d625e4a8) thrown at [C:\re\workspace\8-2-build-windows-amd64-cygwin\jdk8u131\8869\hotspot\src\share\vm\prims\jvm.cpp, line 1390]
Event: 0.328 Thread 0x0000000003356800 Exception <a 'java/security/PrivilegedActionException'> (0x00000000d625e6b8) thrown at [C:\re\workspace\8-2-build-windows-amd64-cygwin\jdk8u131\8869\hotspot\src\share\vm\prims\jvm.cpp, line 1390]

Events (10 events):
Event: 0.330 loading class ch/qos/logback/core/joran/spi/JoranException
Event: 0.330 loading class ch/qos/logback/core/joran/spi/JoranException done
Event: 0.331 loading class ch/qos/logback/core/Context
Event: 0.331 loading class ch/qos/logback/core/Context done
Event: 0.332 loading class ch/qos/logback/core/spi/PropertyContainer
Event: 0.332 loading class ch/qos/logback/core/spi/PropertyContainer done
Event: 0.332 loading class ch/qos/logback/classic/LoggerContext
Event: 0.332 loading class ch/qos/logback/classic/LoggerContext done
Event: 0.334 loading class ch/qos/logback/core/spi/LifeCycle
Event: 0.334 loading class ch/qos/logback/core/spi/LifeCycle done


Dynamic libraries:
0x00007ff7efd10000 - 0x00007ff7efd47000 	C:\Program Files\Java\jre1.8.0_131\bin\javaw.exe
0x00007ffbb5110000 - 0x00007ffbb52f1000 	C:\Windows\SYSTEM32\ntdll.dll
0x00007ffbb30b0000 - 0x00007ffbb3162000 	C:\Windows\System32\KERNEL32.DLL
0x00007ffbb1c70000 - 0x00007ffbb1ee3000 	C:\Windows\System32\KERNELBASE.dll
0x00007ffbb2f50000 - 0x00007ffbb2ff1000 	C:\Windows\System32\ADVAPI32.dll
0x00007ffbb4fb0000 - 0x00007ffbb504e000 	C:\Windows\System32\msvcrt.dll
0x00007ffbb2930000 - 0x00007ffbb298b000 	C:\Windows\System32\sechost.dll
0x00007ffbb3300000 - 0x00007ffbb3424000 	C:\Windows\System32\RPCRT4.dll
0x00007ffbb3170000 - 0x00007ffbb3300000 	C:\Windows\System32\USER32.dll
0x00007ffbb1c50000 - 0x00007ffbb1c70000 	C:\Windows\System32\win32u.dll
0x00007ffbb3500000 - 0x00007ffbb3528000 	C:\Windows\System32\GDI32.dll
0x00007ffbb1fe0000 - 0x00007ffbb2172000 	C:\Windows\System32\gdi32full.dll
0x00007ffbb1f40000 - 0x00007ffbb1fdf000 	C:\Windows\System32\msvcp_win.dll
0x00007ffbb2180000 - 0x00007ffbb2278000 	C:\Windows\System32\ucrtbase.dll
0x00007ffba4c60000 - 0x00007ffba4ec9000 	C:\Windows\WinSxS\amd64_microsoft.windows.common-controls_6595b64144ccf1df_6.0.17134.648_none_fb45a0e93062a6d2\COMCTL32.dll
0x00007ffbb25a0000 - 0x00007ffbb28c2000 	C:\Windows\System32\combase.dll
0x00007ffbb2280000 - 0x00007ffbb22fa000 	C:\Windows\System32\bcryptPrimitives.dll
0x00007ffbb3000000 - 0x00007ffbb302d000 	C:\Windows\System32\IMM32.DLL
0x000000006c3b0000 - 0x000000006c482000 	C:\Program Files\Java\jre1.8.0_131\bin\msvcr100.dll
0x000000006a740000 - 0x000000006afdc000 	C:\Program Files\Java\jre1.8.0_131\bin\server\jvm.dll
0x00007ffbb3b00000 - 0x00007ffbb3b08000 	C:\Windows\System32\PSAPI.DLL
0x00007ffbaa7a0000 - 0x00007ffbaa7a9000 	C:\Windows\SYSTEM32\WSOCK32.dll
0x00007ffbaf690000 - 0x00007ffbaf6b3000 	C:\Windows\SYSTEM32\WINMM.dll
0x00007ffbb3030000 - 0x00007ffbb309c000 	C:\Windows\System32\WS2_32.dll
0x00007ffbaf630000 - 0x00007ffbaf65a000 	C:\Windows\SYSTEM32\WINMMBASE.dll
0x00007ffba26d0000 - 0x00007ffba26da000 	C:\Windows\SYSTEM32\VERSION.dll
0x00007ffbb1ef0000 - 0x00007ffbb1f39000 	C:\Windows\System32\cfgmgr32.dll
0x000000006a730000 - 0x000000006a73f000 	C:\Program Files\Java\jre1.8.0_131\bin\verify.dll
0x000000006a700000 - 0x000000006a729000 	C:\Program Files\Java\jre1.8.0_131\bin\java.dll
0x000000006a6e0000 - 0x000000006a6f6000 	C:\Program Files\Java\jre1.8.0_131\bin\zip.dll
0x00007ffbb3b70000 - 0x00007ffbb4fb0000 	C:\Windows\System32\SHELL32.dll
0x00007ffbb3450000 - 0x00007ffbb34f9000 	C:\Windows\System32\shcore.dll
0x00007ffbb14e0000 - 0x00007ffbb1bed000 	C:\Windows\System32\windows.storage.dll
0x00007ffbb3b10000 - 0x00007ffbb3b61000 	C:\Windows\System32\shlwapi.dll
0x00007ffbb14c0000 - 0x00007ffbb14d1000 	C:\Windows\System32\kernel.appcore.dll
0x00007ffbb1420000 - 0x00007ffbb143f000 	C:\Windows\System32\profapi.dll
0x00007ffbb1450000 - 0x00007ffbb149c000 	C:\Windows\System32\powrprof.dll
0x00007ffbb1440000 - 0x00007ffbb144a000 	C:\Windows\System32\FLTLIB.DLL

VM Arguments:
jvm_args: -Dfile.encoding=UTF-8 
java_command: com.lance.eshop.SayHelloApplication
java_class_path (initial): C:\Program Files\Java\jre1.8.0_131\lib\resources.jar;C:\Program Files\Java\jre1.8.0_131\lib\rt.jar;C:\Program Files\Java\jre1.8.0_131\lib\jsse.jar;C:\Program Files\Java\jre1.8.0_131\lib\jce.jar;C:\Program Files\Java\jre1.8.0_131\lib\charsets.jar;C:\Program Files\Java\jre1.8.0_131\lib\jfr.jar;C:\Program Files\Java\jre1.8.0_131\lib\ext\access-bridge-64.jar;C:\Program Files\Java\jre1.8.0_131\lib\ext\cldrdata.jar;C:\Program Files\Java\jre1.8.0_131\lib\ext\dnsns.jar;C:\Program Files\Java\jre1.8.0_131\lib\ext\dns_sd.jar;C:\Program Files\Java\jre1.8.0_131\lib\ext\jaccess.jar;C:\Program Files\Java\jre1.8.0_131\lib\ext\jfxrt.jar;C:\Program Files\Java\jre1.8.0_131\lib\ext\localedata.jar;C:\Program Files\Java\jre1.8.0_131\lib\ext\nashorn.jar;C:\Program Files\Java\jre1.8.0_131\lib\ext\sunec.jar;C:\Program Files\Java\jre1.8.0_131\lib\ext\sunjce_provider.jar;C:\Program Files\Java\jre1.8.0_131\lib\ext\sunmscapi.jar;C:\Program Files\Java\jre1.8.0_131\lib\ext\sunpkcs11.jar;C:\Program Files\Java\jre1.8.0_131\lib\ext\zipfs.jar;D:\workspace\say-hello-service\target\classes;D:\repository\org\springframework\cloud\spring-cloud-starter-eureka-server\1.4.6.RELEASE\spring-cloud-starter-eureka-server-1.4.6.RELEASE.jar;D:\repository\org\springframework\cloud\spring-cloud-starter-netflix-eureka-server\1.4.6.RELEASE\spring-cloud-starter-netflix-eureka-server-1.4.6.RELEASE.jar;D:\repository\org\springframework\cloud\spring-cloud-starter\1.3.5.RELEASE\spring-cloud-starter-1.3.5.RELEASE.jar;D:\repository\org\springframework\cloud\spring-cloud-context\1.3.5.RELEASE\spring-cloud-context-1.3.5.RELEASE.jar;D:\repository\org\springframework\security\spring-security-crypto\4.2.8.RELEASE\spring-security-crypto-4.2.8.RELEASE.jar;D:\repository\org\springframework\cloud\spring-cloud-commons\1.3.5.RELEASE\spring-cloud-commons-1.3.5.RELEASE.jar;D:\repository\org\springframework\security\spring-security-rsa\1.0.3.RELEASE\spring-security-rsa-1.0.3.RELEASE.jar;D:\repository\org\bounc
Launcher Type: SUN_STANDARD

Environment Variables:
JAVA_HOME=D:\soft_javaee\jdk1.8.0_121
CLASSPATH=D:\soft_javaee\apache-jmeter-5.0\lib\ext\ApacheJMeter_core.jar;D:\soft_javaee\apache-jmeter-5.0\lib\jorphan.jar;D:\soft_javaee\apache-jmeter-5.0\lib/logkit-2.0.jar
PATH=C:/Program Files/Java/jre1.8.0_131/bin/server;C:/Program Files/Java/jre1.8.0_131/bin;C:/Program Files/Java/jre1.8.0_131/lib/amd64;C:\Program Files\Microsoft MPI\Bin\;C:\ProgramData\Oracle\Java\javapath;C:\Windows\system32;C:\Windows;C:\Windows\System32\Wbem;C:\Windows\System32\WindowsPowerShell\v1.0\;C:\Windows\System32\OpenSSH\;C:\Program Files\MySQL\MySQL Utilities 1.6\;C:\Program Files\Git\cmd;C:\Program Files\Microsoft SQL Server\Client SDK\ODBC\130\Tools\Binn\;C:\Program Files (x86)\Microsoft SQL Server\140\Tools\Binn\;C:\Program Files\Microsoft SQL Server\140\Tools\Binn\;C:\Program Files\Microsoft SQL Server\140\DTS\Binn\;C:\Program Files\TortoiseGit\bin;D:\soft_javaee\jdk1.8.0_121\bin\;D:\soft_javaee\jdk1.8.0_121\jre\bin\;C:\Program Files\TortoiseSVN\bin;C:\Users\Administrator\AppData\Local\Microsoft\WindowsApps;;D:\eclipse-win32-x86_64\eclipse;
USERNAME=Administrator
OS=Windows_NT
PROCESSOR_IDENTIFIER=Intel64 Family 6 Model 158 Stepping 11, GenuineIntel



---------------  S Y S T E M  ---------------

OS: Windows 10.0 , 64 bit Build 17134 (10.0.17134.648)

CPU:total 4 (initial active 4) (4 cores per cpu, 1 threads per core) family 6 model 158 stepping 11, cmov, cx8, fxsr, mmx, sse, sse2, sse3, ssse3, sse4.1, sse4.2, popcnt, avx, avx2, aes, clmul, erms, 3dnowpref, lzcnt, tsc, tscinvbit, bmi1, bmi2, adx

Memory: 4k page, physical 8304820k(1187636k free), swap 16069424k(5124k free)

vm_info: Java HotSpot(TM) 64-Bit Server VM (25.131-b11) for windows-amd64 JRE (1.8.0_131-b11), built on Mar 15 2017 01:23:53 by "java_re" with MS VC++ 10.0 (VS2010)

time: Thu Mar 21 18:13:00 2019
elapsed time: 0 seconds (0d 0h 0m 0s)

