#
# There is insufficient memory for the Java Runtime Environment to continue.
# Native memory allocation (malloc) failed to allocate 1452656 bytes for Chunk::new
# Possible reasons:
#   The system is out of physical RAM or swap space
#   In 32 bit mode, the process size limit was hit
# Possible solutions:
#   Reduce memory load on the system
#   Increase physical memory or swap space
#   Check if swap backing store is full
#   Use 64 bit Java on a 64 bit OS
#   Decrease Java heap size (-Xmx/-Xms)
#   Decrease number of Java threads
#   Decrease Java thread stack sizes (-Xss)
#   Set larger code cache with -XX:ReservedCodeCacheSize=
# This output file may be truncated or incomplete.
#
#  Out of Memory Error (allocation.cpp:390), pid=13448, tid=0x0000000000003ea0
#
# JRE version: Java(TM) SE Runtime Environment (8.0_131-b11) (build 1.8.0_131-b11)
# Java VM: Java HotSpot(TM) 64-Bit Server VM (25.131-b11 mixed mode windows-amd64 compressed oops)
# Failed to write core dump. Minidumps are not enabled by default on client versions of Windows
#

---------------  T H R E A D  ---------------

Current thread (0x0000000019482800):  JavaThread "C2 CompilerThread0" daemon [_thread_in_native, id=16032, stack(0x0000000019a80000,0x0000000019b80000)]

Stack: [0x0000000019a80000,0x0000000019b80000]
[error occurred during error reporting (printing stack bounds), id 0xc0000005]

Native frames: (J=compiled Java code, j=interpreted, Vv=VM code, C=native code)


Current CompileTask:
C2:   5790 2172       4       java.net.URLClassLoader$1::run (5 bytes)


---------------  P R O C E S S  ---------------

Java Threads: ( => current thread )
  0x000000001c2f0000 JavaThread "spring.cloud.inetutils" daemon [_thread_in_native, id=18440, stack(0x000000001be70000,0x000000001bf70000)]
  0x000000001b0c9000 JavaThread "spring.cloud.inetutils" daemon [_thread_in_native, id=16328, stack(0x000000001b800000,0x000000001b900000)]
  0x0000000019501000 JavaThread "Service Thread" daemon [_thread_blocked, id=11276, stack(0x0000000019d80000,0x0000000019e80000)]
  0x000000001948e000 JavaThread "C1 CompilerThread2" daemon [_thread_in_native, id=17356, stack(0x0000000019c80000,0x0000000019d80000)]
  0x0000000019487800 JavaThread "C2 CompilerThread1" daemon [_thread_in_native, id=14276, stack(0x0000000019b80000,0x0000000019c80000)]
=>0x0000000019482800 JavaThread "C2 CompilerThread0" daemon [_thread_in_native, id=16032, stack(0x0000000019a80000,0x0000000019b80000)]
  0x0000000019481800 JavaThread "Attach Listener" daemon [_thread_blocked, id=3096, stack(0x0000000019980000,0x0000000019a80000)]
  0x000000001816e800 JavaThread "Signal Dispatcher" daemon [_thread_blocked, id=18320, stack(0x0000000019880000,0x0000000019980000)]
  0x0000000018100000 JavaThread "Finalizer" daemon [_thread_blocked, id=10668, stack(0x0000000019380000,0x0000000019480000)]
  0x00000000180d9000 JavaThread "Reference Handler" daemon [_thread_blocked, id=16980, stack(0x0000000019280000,0x0000000019380000)]
  0x00000000034a6800 JavaThread "main" [_thread_in_Java, id=18316, stack(0x00000000033a0000,0x00000000034a0000)]

Other Threads:
  0x00000000180d8000 VMThread [stack: 0x0000000019180000,0x0000000019280000] [id=10460]
  0x00000000195c0000 WatcherThread [stack: 0x0000000019e80000,0x0000000019f80000] [id=12396]

VM state:not at safepoint (normal execution)

VM Mutex/Monitor currently owned by a thread: None

Heap:
 PSYoungGen      total 71680K, used 64306K [0x00000000d5c00000, 0x00000000def00000, 0x0000000100000000)
  eden space 66560K, 96% used [0x00000000d5c00000,0x00000000d9acc9e0,0x00000000d9d00000)
  from space 5120K, 0% used [0x00000000d9d00000,0x00000000d9d00000,0x00000000da200000)
  to   space 8704K, 0% used [0x00000000de680000,0x00000000de680000,0x00000000def00000)
 ParOldGen       total 53248K, used 7429K [0x0000000081400000, 0x0000000084800000, 0x00000000d5c00000)
  object space 53248K, 13% used [0x0000000081400000,0x0000000081b415d0,0x0000000084800000)
 Metaspace       used 23444K, capacity 23766K, committed 24064K, reserved 1071104K
  class space    used 2911K, capacity 3016K, committed 3072K, reserved 1048576K

Card table byte_map: [0x0000000012960000,0x0000000012d60000] byte_map_base: 0x0000000012556000

Marking Bits: (ParMarkBitMap*) 0x000000006af5c720
 Begin Bits: [0x0000000013410000, 0x00000000153c0000)
 End Bits:   [0x00000000153c0000, 0x0000000017370000)

Polling page: 0x0000000001500000

CodeCache: size=245760Kb used=7986Kb max_used=7986Kb free=237773Kb
 bounds [0x00000000035a0000, 0x0000000003d70000, 0x00000000125a0000]
 total_blobs=2636 nmethods=2245 adapters=303
 compilation: enabled

Compilation events (10 events):
Event: 5.771 Thread 0x000000001948e000 2243       3       java.io.FilterInputStream::close (8 bytes)
Event: 5.771 Thread 0x000000001948e000 nmethod 2243 0x0000000003d664d0 code [0x0000000003d66640, 0x0000000003d66868]
Event: 5.772 Thread 0x000000001948e000 2244   !   3       sun.net.www.protocol.jar.JarURLConnection$JarURLInputStream::close (51 bytes)
Event: 5.773 Thread 0x000000001948e000 nmethod 2244 0x0000000003d66910 code [0x0000000003d66ae0, 0x0000000003d67248]
Event: 5.773 Thread 0x000000001948e000 2245       3       sun.reflect.annotation.AnnotationInvocationHandler::memberValueHashCode (164 bytes)
Event: 5.773 Thread 0x000000001948e000 nmethod 2245 0x0000000003d67590 code [0x0000000003d67820, 0x0000000003d687e8]
Event: 5.779 Thread 0x000000001948e000 2246       3       org.springframework.asm.MethodVisitor::visitFieldInsn (20 bytes)
Event: 5.779 Thread 0x000000001948e000 nmethod 2246 0x0000000003d68ad0 code [0x0000000003d68c40, 0x0000000003d68ea8]
Event: 5.780 Thread 0x000000001948e000 2247       3       sun.net.www.protocol.jar.Handler::openConnection (10 bytes)
Event: 5.780 Thread 0x000000001948e000 nmethod 2247 0x0000000003d68f90 code [0x0000000003d69140, 0x0000000003d69768]

GC Heap History (10 events):
Event: 2.316 GC heap before
{Heap before GC invocations=2 (full 0):
 PSYoungGen      total 38400K, used 37265K [0x00000000d5c00000, 0x00000000d8680000, 0x0000000100000000)
  eden space 33280K, 100% used [0x00000000d5c00000,0x00000000d7c80000,0x00000000d7c80000)
  from space 5120K, 77% used [0x00000000d7c80000,0x00000000d8064570,0x00000000d8180000)
  to   space 5120K, 0% used [0x00000000d8180000,0x00000000d8180000,0x00000000d8680000)
 ParOldGen       total 87552K, used 8K [0x0000000081400000, 0x0000000086980000, 0x00000000d5c00000)
  object space 87552K, 0% used [0x0000000081400000,0x0000000081402000,0x0000000086980000)
 Metaspace       used 9769K, capacity 9952K, committed 9984K, reserved 1058816K
  class space    used 1236K, capacity 1272K, committed 1280K, reserved 1048576K
Event: 2.320 GC heap after
Heap after GC invocations=2 (full 0):
 PSYoungGen      total 38400K, used 4554K [0x00000000d5c00000, 0x00000000d8680000, 0x0000000100000000)
  eden space 33280K, 0% used [0x00000000d5c00000,0x00000000d5c00000,0x00000000d7c80000)
  from space 5120K, 88% used [0x00000000d8180000,0x00000000d85f2848,0x00000000d8680000)
  to   space 5120K, 0% used [0x00000000d7c80000,0x00000000d7c80000,0x00000000d8180000)
 ParOldGen       total 87552K, used 16K [0x0000000081400000, 0x0000000086980000, 0x00000000d5c00000)
  object space 87552K, 0% used [0x0000000081400000,0x0000000081404000,0x0000000086980000)
 Metaspace       used 9769K, capacity 9952K, committed 9984K, reserved 1058816K
  class space    used 1236K, capacity 1272K, committed 1280K, reserved 1048576K
}
Event: 2.468 GC heap before
{Heap before GC invocations=3 (full 0):
 PSYoungGen      total 38400K, used 37834K [0x00000000d5c00000, 0x00000000d8680000, 0x0000000100000000)
  eden space 33280K, 100% used [0x00000000d5c00000,0x00000000d7c80000,0x00000000d7c80000)
  from space 5120K, 88% used [0x00000000d8180000,0x00000000d85f2848,0x00000000d8680000)
  to   space 5120K, 0% used [0x00000000d7c80000,0x00000000d7c80000,0x00000000d8180000)
 ParOldGen       total 87552K, used 16K [0x0000000081400000, 0x0000000086980000, 0x00000000d5c00000)
  object space 87552K, 0% used [0x0000000081400000,0x0000000081404000,0x0000000086980000)
 Metaspace       used 12895K, capacity 13056K, committed 13184K, reserved 1060864K
  class space    used 1597K, capacity 1624K, committed 1664K, reserved 1048576K
Event: 2.477 GC heap after
Heap after GC invocations=3 (full 0):
 PSYoungGen      total 38400K, used 5088K [0x00000000d5c00000, 0x00000000da700000, 0x0000000100000000)
  eden space 33280K, 0% used [0x00000000d5c00000,0x00000000d5c00000,0x00000000d7c80000)
  from space 5120K, 99% used [0x00000000d7c80000,0x00000000d81782c0,0x00000000d8180000)
  to   space 5120K, 0% used [0x00000000da200000,0x00000000da200000,0x00000000da700000)
 ParOldGen       total 87552K, used 1084K [0x0000000081400000, 0x0000000086980000, 0x00000000d5c00000)
  object space 87552K, 1% used [0x0000000081400000,0x000000008150f200,0x0000000086980000)
 Metaspace       used 12895K, capacity 13056K, committed 13184K, reserved 1060864K
  class space    used 1597K, capacity 1624K, committed 1664K, reserved 1048576K
}
Event: 2.749 GC heap before
{Heap before GC invocations=4 (full 0):
 PSYoungGen      total 38400K, used 38368K [0x00000000d5c00000, 0x00000000da700000, 0x0000000100000000)
  eden space 33280K, 100% used [0x00000000d5c00000,0x00000000d7c80000,0x00000000d7c80000)
  from space 5120K, 99% used [0x00000000d7c80000,0x00000000d81782c0,0x00000000d8180000)
  to   space 5120K, 0% used [0x00000000da200000,0x00000000da200000,0x00000000da700000)
 ParOldGen       total 87552K, used 1084K [0x0000000081400000, 0x0000000086980000, 0x00000000d5c00000)
  object space 87552K, 1% used [0x0000000081400000,0x000000008150f200,0x0000000086980000)
 Metaspace       used 16522K, capacity 16680K, committed 17024K, reserved 1064960K
  class space    used 2033K, capacity 2052K, committed 2176K, reserved 1048576K
Event: 2.755 GC heap after
Heap after GC invocations=4 (full 0):
 PSYoungGen      total 71680K, used 5108K [0x00000000d5c00000, 0x00000000da700000, 0x0000000100000000)
  eden space 66560K, 0% used [0x00000000d5c00000,0x00000000d5c00000,0x00000000d9d00000)
  from space 5120K, 99% used [0x00000000da200000,0x00000000da6fd310,0x00000000da700000)
  to   space 5120K, 0% used [0x00000000d9d00000,0x00000000d9d00000,0x00000000da200000)
 ParOldGen       total 87552K, used 2143K [0x0000000081400000, 0x0000000086980000, 0x00000000d5c00000)
  object space 87552K, 2% used [0x0000000081400000,0x0000000081617f50,0x0000000086980000)
 Metaspace       used 16522K, capacity 16680K, committed 17024K, reserved 1064960K
  class space    used 2033K, capacity 2052K, committed 2176K, reserved 1048576K
}
Event: 3.061 GC heap before
{Heap before GC invocations=5 (full 0):
 PSYoungGen      total 71680K, used 56012K [0x00000000d5c00000, 0x00000000da700000, 0x0000000100000000)
  eden space 66560K, 76% used [0x00000000d5c00000,0x00000000d8db5ef8,0x00000000d9d00000)
  from space 5120K, 99% used [0x00000000da200000,0x00000000da6fd310,0x00000000da700000)
  to   space 5120K, 0% used [0x00000000d9d00000,0x00000000d9d00000,0x00000000da200000)
 ParOldGen       total 87552K, used 2143K [0x0000000081400000, 0x0000000086980000, 0x00000000d5c00000)
  object space 87552K, 2% used [0x0000000081400000,0x0000000081617f50,0x0000000086980000)
 Metaspace       used 20904K, capacity 21156K, committed 21296K, reserved 1069056K
  class space    used 2586K, capacity 2661K, committed 2688K, reserved 1048576K
Event: 3.070 GC heap after
Heap after GC invocations=5 (full 0):
 PSYoungGen      total 71680K, used 5096K [0x00000000d5c00000, 0x00000000def00000, 0x0000000100000000)
  eden space 66560K, 0% used [0x00000000d5c00000,0x00000000d5c00000,0x00000000d9d00000)
  from space 5120K, 99% used [0x00000000d9d00000,0x00000000da1fa040,0x00000000da200000)
  to   space 8704K, 0% used [0x00000000de680000,0x00000000de680000,0x00000000def00000)
 ParOldGen       total 87552K, used 4546K [0x0000000081400000, 0x0000000086980000, 0x00000000d5c00000)
  object space 87552K, 5% used [0x0000000081400000,0x0000000081870a18,0x0000000086980000)
 Metaspace       used 20904K, capacity 21156K, committed 21296K, reserved 1069056K
  class space    used 2586K, capacity 2661K, committed 2688K, reserved 1048576K
}
Event: 3.070 GC heap before
{Heap before GC invocations=6 (full 1):
 PSYoungGen      total 71680K, used 5096K [0x00000000d5c00000, 0x00000000def00000, 0x0000000100000000)
  eden space 66560K, 0% used [0x00000000d5c00000,0x00000000d5c00000,0x00000000d9d00000)
  from space 5120K, 99% used [0x00000000d9d00000,0x00000000da1fa040,0x00000000da200000)
  to   space 8704K, 0% used [0x00000000de680000,0x00000000de680000,0x00000000def00000)
 ParOldGen       total 87552K, used 4546K [0x0000000081400000, 0x0000000086980000, 0x00000000d5c00000)
  object space 87552K, 5% used [0x0000000081400000,0x0000000081870a18,0x0000000086980000)
 Metaspace       used 20904K, capacity 21156K, committed 21296K, reserved 1069056K
  class space    used 2586K, capacity 2661K, committed 2688K, reserved 1048576K
Event: 3.098 GC heap after
Heap after GC invocations=6 (full 1):
 PSYoungGen      total 71680K, used 0K [0x00000000d5c00000, 0x00000000def00000, 0x0000000100000000)
  eden space 66560K, 0% used [0x00000000d5c00000,0x00000000d5c00000,0x00000000d9d00000)
  from space 5120K, 0% used [0x00000000d9d00000,0x00000000d9d00000,0x00000000da200000)
  to   space 8704K, 0% used [0x00000000de680000,0x00000000de680000,0x00000000def00000)
 ParOldGen       total 53248K, used 7429K [0x0000000081400000, 0x0000000084800000, 0x00000000d5c00000)
  object space 53248K, 13% used [0x0000000081400000,0x0000000081b415d0,0x0000000084800000)
 Metaspace       used 20904K, capacity 21156K, committed 21296K, reserved 1069056K
  class space    used 2586K, capacity 2661K, committed 2688K, reserved 1048576K
}

Deoptimization events (10 events):
Event: 5.401 Thread 0x00000000034a6800 Uncommon trap: reason=array_check action=maybe_recompile pc=0x0000000003ccfaec method=java.util.AbstractCollection.toArray([Ljava/lang/Object;)[Ljava/lang/Object; @ 119
Event: 5.401 Thread 0x00000000034a6800 Uncommon trap: reason=array_check action=maybe_recompile pc=0x0000000003ccfaec method=java.util.AbstractCollection.toArray([Ljava/lang/Object;)[Ljava/lang/Object; @ 119
Event: 5.401 Thread 0x00000000034a6800 Uncommon trap: reason=array_check action=maybe_recompile pc=0x0000000003ccfaec method=java.util.AbstractCollection.toArray([Ljava/lang/Object;)[Ljava/lang/Object; @ 119
Event: 5.419 Thread 0x00000000034a6800 Uncommon trap: reason=unstable_if action=reinterpret pc=0x00000000039cb9a0 method=java.net.URL.<init>(Ljava/net/URL;Ljava/lang/String;Ljava/net/URLStreamHandler;)V @ 347
Event: 5.435 Thread 0x00000000034a6800 Uncommon trap: reason=class_check action=maybe_recompile pc=0x00000000038da714 method=java.util.regex.Pattern$CharProperty$1.isSatisfiedBy(I)Z @ 5
Event: 5.435 Thread 0x00000000034a6800 Uncommon trap: reason=class_check action=maybe_recompile pc=0x00000000038da714 method=java.util.regex.Pattern$CharProperty$1.isSatisfiedBy(I)Z @ 5
Event: 5.435 Thread 0x00000000034a6800 Uncommon trap: reason=class_check action=maybe_recompile pc=0x00000000038da714 method=java.util.regex.Pattern$CharProperty$1.isSatisfiedBy(I)Z @ 5
Event: 5.435 Thread 0x00000000034a6800 Uncommon trap: reason=class_check action=maybe_recompile pc=0x00000000038da714 method=java.util.regex.Pattern$CharProperty$1.isSatisfiedBy(I)Z @ 5
Event: 5.465 Thread 0x00000000034a6800 Uncommon trap: reason=unstable_if action=reinterpret pc=0x00000000039665b0 method=java.io.WinNTFileSystem.normalize(Ljava/lang/String;)Ljava/lang/String; @ 128
Event: 5.467 Thread 0x00000000034a6800 Uncommon trap: reason=bimorphic action=maybe_recompile pc=0x0000000003c96398 method=java.util.regex.Pattern$BmpCharProperty.match(Ljava/util/regex/Matcher;ILjava/lang/CharSequence;)Z @ 31

Internal exceptions (10 events):
Event: 5.377 Thread 0x00000000034a6800 Exception <a 'java/lang/ClassNotFoundException': org/springframework/boot/yaml/SpringProfileDocumentMatcher$SpringPropertiesCustomizer> (0x00000000d75e5eb8) thrown at [C:\re\workspace\8-2-build-windows-amd64-cygwin\jdk8u131\8869\hotspot\src\share\vm\class
Event: 5.391 Thread 0x00000000034a6800 Exception <a 'java/lang/ClassNotFoundException': java/lang/ObjectCustomizer> (0x00000000d78ac100) thrown at [C:\re\workspace\8-2-build-windows-amd64-cygwin\jdk8u131\8869\hotspot\src\share\vm\classfile\systemDictionary.cpp, line 210]
Event: 5.391 Thread 0x00000000034a6800 Exception <a 'java/lang/ClassNotFoundException': org/springframework/boot/SpringApplicationCustomizer> (0x00000000d78ccbb0) thrown at [C:\re\workspace\8-2-build-windows-amd64-cygwin\jdk8u131\8869\hotspot\src\share\vm\classfile\systemDictionary.cpp, line 2
Event: 5.460 Thread 0x00000000034a6800 Exception <a 'java/lang/ClassNotFoundException': java/lang/ObjectCustomizer> (0x00000000d7f5a958) thrown at [C:\re\workspace\8-2-build-windows-amd64-cygwin\jdk8u131\8869\hotspot\src\share\vm\classfile\systemDictionary.cpp, line 210]
Event: 5.460 Thread 0x00000000034a6800 Exception <a 'java/lang/ClassNotFoundException': org/springframework/context/annotation/ConfigurationClassPostProcessorCustomizer> (0x00000000d7f86710) thrown at [C:\re\workspace\8-2-build-windows-amd64-cygwin\jdk8u131\8869\hotspot\src\share\vm\classfile\
Event: 5.461 Thread 0x00000000034a6800 Exception <a 'java/lang/ClassNotFoundException': org/springframework/beans/factory/support/BeanDefinitionRegistryPostProcessorCustomizer> (0x00000000d7fc3300) thrown at [C:\re\workspace\8-2-build-windows-amd64-cygwin\jdk8u131\8869\hotspot\src\share\vm\cla
Event: 5.461 Thread 0x00000000034a6800 Exception <a 'java/lang/ClassNotFoundException': org/springframework/core/PriorityOrderedCustomizer> (0x00000000d7fdfe20) thrown at [C:\re\workspace\8-2-build-windows-amd64-cygwin\jdk8u131\8869\hotspot\src\share\vm\classfile\systemDictionary.cpp, line 210
Event: 5.462 Thread 0x00000000034a6800 Exception <a 'java/lang/ClassNotFoundException': org/springframework/context/ResourceLoaderAwareCustomizer> (0x00000000d7ffeb50) thrown at [C:\re\workspace\8-2-build-windows-amd64-cygwin\jdk8u131\8869\hotspot\src\share\vm\classfile\systemDictionary.cpp, l
Event: 5.462 Thread 0x00000000034a6800 Exception <a 'java/lang/ClassNotFoundException': org/springframework/beans/factory/BeanClassLoaderAwareCustomizer> (0x00000000d8021bb0) thrown at [C:\re\workspace\8-2-build-windows-amd64-cygwin\jdk8u131\8869\hotspot\src\share\vm\classfile\systemDictionary
Event: 5.462 Thread 0x00000000034a6800 Exception <a 'java/lang/ClassNotFoundException': org/springframework/context/EnvironmentAwareCustomizer> (0x00000000d80409c0) thrown at [C:\re\workspace\8-2-build-windows-amd64-cygwin\jdk8u131\8869\hotspot\src\share\vm\classfile\systemDictionary.cpp, line

Events (10 events):
Event: 5.745 loading class rx/Observable
Event: 5.745 loading class rx/Observable done
Event: 5.748 loading class com/netflix/zuul/http/ZuulServlet
Event: 5.748 loading class com/netflix/zuul/http/ZuulServlet done
Event: 5.749 loading class org/springframework/boot/autoconfigure/AutoConfigurationImportListener
Event: 5.749 loading class org/springframework/boot/autoconfigure/AutoConfigurationImportListener done
Event: 5.767 loading class org/springframework/boot/autoconfigure/condition/ConditionEvaluationReportAutoConfigurationImportListener
Event: 5.767 loading class org/springframework/boot/autoconfigure/condition/ConditionEvaluationReportAutoConfigurationImportListener done
Event: 5.768 loading class org/springframework/boot/autoconfigure/AutoConfigurationImportEvent
Event: 5.768 loading class org/springframework/boot/autoconfigure/AutoConfigurationImportEvent done


Dynamic libraries:
0x00007ff7efd10000 - 0x00007ff7efd47000 	C:\Program Files\Java\jre1.8.0_131\bin\javaw.exe
0x00007ffbb5110000 - 0x00007ffbb52f1000 	C:\Windows\SYSTEM32\ntdll.dll
0x00007ffbb30b0000 - 0x00007ffbb3162000 	C:\Windows\System32\KERNEL32.DLL
0x00007ffbb1c70000 - 0x00007ffbb1ee3000 	C:\Windows\System32\KERNELBASE.dll
0x00007ffbb2f50000 - 0x00007ffbb2ff1000 	C:\Windows\System32\ADVAPI32.dll
0x00007ffbb4fb0000 - 0x00007ffbb504e000 	C:\Windows\System32\msvcrt.dll
0x00007ffbb2930000 - 0x00007ffbb298b000 	C:\Windows\System32\sechost.dll
0x00007ffbb3300000 - 0x00007ffbb3424000 	C:\Windows\System32\RPCRT4.dll
0x00007ffbb3170000 - 0x00007ffbb3300000 	C:\Windows\System32\USER32.dll
0x00007ffbb1c50000 - 0x00007ffbb1c70000 	C:\Windows\System32\win32u.dll
0x00007ffbb3500000 - 0x00007ffbb3528000 	C:\Windows\System32\GDI32.dll
0x00007ffbb1fe0000 - 0x00007ffbb2172000 	C:\Windows\System32\gdi32full.dll
0x00007ffbb1f40000 - 0x00007ffbb1fdf000 	C:\Windows\System32\msvcp_win.dll
0x00007ffbb2180000 - 0x00007ffbb2278000 	C:\Windows\System32\ucrtbase.dll
0x00007ffba4c60000 - 0x00007ffba4ec9000 	C:\Windows\WinSxS\amd64_microsoft.windows.common-controls_6595b64144ccf1df_6.0.17134.648_none_fb45a0e93062a6d2\COMCTL32.dll
0x00007ffbb25a0000 - 0x00007ffbb28c2000 	C:\Windows\System32\combase.dll
0x00007ffbb2280000 - 0x00007ffbb22fa000 	C:\Windows\System32\bcryptPrimitives.dll
0x00007ffbb3000000 - 0x00007ffbb302d000 	C:\Windows\System32\IMM32.DLL
0x000000006c3b0000 - 0x000000006c482000 	C:\Program Files\Java\jre1.8.0_131\bin\msvcr100.dll
0x000000006a740000 - 0x000000006afdc000 	C:\Program Files\Java\jre1.8.0_131\bin\server\jvm.dll
0x00007ffbb3b00000 - 0x00007ffbb3b08000 	C:\Windows\System32\PSAPI.DLL
0x00007ffbaf690000 - 0x00007ffbaf6b3000 	C:\Windows\SYSTEM32\WINMM.dll
0x00007ffbaa7a0000 - 0x00007ffbaa7a9000 	C:\Windows\SYSTEM32\WSOCK32.dll
0x00007ffbb3030000 - 0x00007ffbb309c000 	C:\Windows\System32\WS2_32.dll
0x00007ffba26d0000 - 0x00007ffba26da000 	C:\Windows\SYSTEM32\VERSION.dll
0x00007ffbaf630000 - 0x00007ffbaf65a000 	C:\Windows\SYSTEM32\WINMMBASE.dll
0x00007ffbb1ef0000 - 0x00007ffbb1f39000 	C:\Windows\System32\cfgmgr32.dll
0x000000006a730000 - 0x000000006a73f000 	C:\Program Files\Java\jre1.8.0_131\bin\verify.dll
0x000000006a700000 - 0x000000006a729000 	C:\Program Files\Java\jre1.8.0_131\bin\java.dll
0x000000006a6e0000 - 0x000000006a6f6000 	C:\Program Files\Java\jre1.8.0_131\bin\zip.dll
0x00007ffbb3b70000 - 0x00007ffbb4fb0000 	C:\Windows\System32\SHELL32.dll
0x00007ffbb3450000 - 0x00007ffbb34f9000 	C:\Windows\System32\shcore.dll
0x00007ffbb14e0000 - 0x00007ffbb1bed000 	C:\Windows\System32\windows.storage.dll
0x00007ffbb3b10000 - 0x00007ffbb3b61000 	C:\Windows\System32\shlwapi.dll
0x00007ffbb14c0000 - 0x00007ffbb14d1000 	C:\Windows\System32\kernel.appcore.dll
0x00007ffbb1420000 - 0x00007ffbb143f000 	C:\Windows\System32\profapi.dll
0x00007ffbb1450000 - 0x00007ffbb149c000 	C:\Windows\System32\powrprof.dll
0x00007ffbb1440000 - 0x00007ffbb144a000 	C:\Windows\System32\FLTLIB.DLL
0x000000006a6c0000 - 0x000000006a6da000 	C:\Program Files\Java\jre1.8.0_131\bin\net.dll
0x00007ffbb0ca0000 - 0x00007ffbb0d06000 	C:\Windows\system32\mswsock.dll
0x00007ffbb0a20000 - 0x00007ffbb0a58000 	C:\Windows\SYSTEM32\IPHLPAPI.DLL
0x00007ffbb30a0000 - 0x00007ffbb30a8000 	C:\Windows\System32\NSI.dll
0x00007ffbacab0000 - 0x00007ffbacac6000 	C:\Windows\SYSTEM32\dhcpcsvc6.DLL
0x00007ffbac700000 - 0x00007ffbac71a000 	C:\Windows\SYSTEM32\dhcpcsvc.DLL
0x00007ffbb0a60000 - 0x00007ffbb0b1e000 	C:\Windows\SYSTEM32\DNSAPI.dll
0x000000006cac0000 - 0x000000006cae6000 	C:\Program Files\Bonjour\mdnsNSP.dll
0x000000006c6a0000 - 0x000000006c6ad000 	C:\Program Files\Java\jre1.8.0_131\bin\management.dll
0x00007ffba0500000 - 0x00007ffba0516000 	C:\Windows\system32\napinsp.dll
0x00007ffba04b0000 - 0x00007ffba04ca000 	C:\Windows\system32\pnrpnsp.dll
0x00007ffbaed50000 - 0x00007ffbaed69000 	C:\Windows\system32\NLAapi.dll
0x00007ffba0760000 - 0x00007ffba076e000 	C:\Windows\System32\winrnr.dll
0x00007ffbac550000 - 0x00007ffbac55a000 	C:\Windows\System32\rasadhlp.dll
0x00007ffbaae50000 - 0x00007ffbaaec2000 	C:\Windows\System32\fwpuclnt.dll
0x00007ffbb0f80000 - 0x00007ffbb0fa5000 	C:\Windows\SYSTEM32\bcrypt.dll
0x000000006a6a0000 - 0x000000006a6b1000 	C:\Program Files\Java\jre1.8.0_131\bin\nio.dll

VM Arguments:
jvm_args: -Dfile.encoding=UTF-8 
java_command: com.lance.eshop.SayHelloApplication
java_class_path (initial): C:\Program Files\Java\jre1.8.0_131\lib\resources.jar;C:\Program Files\Java\jre1.8.0_131\lib\rt.jar;C:\Program Files\Java\jre1.8.0_131\lib\jsse.jar;C:\Program Files\Java\jre1.8.0_131\lib\jce.jar;C:\Program Files\Java\jre1.8.0_131\lib\charsets.jar;C:\Program Files\Java\jre1.8.0_131\lib\jfr.jar;C:\Program Files\Java\jre1.8.0_131\lib\ext\access-bridge-64.jar;C:\Program Files\Java\jre1.8.0_131\lib\ext\cldrdata.jar;C:\Program Files\Java\jre1.8.0_131\lib\ext\dnsns.jar;C:\Program Files\Java\jre1.8.0_131\lib\ext\dns_sd.jar;C:\Program Files\Java\jre1.8.0_131\lib\ext\jaccess.jar;C:\Program Files\Java\jre1.8.0_131\lib\ext\jfxrt.jar;C:\Program Files\Java\jre1.8.0_131\lib\ext\localedata.jar;C:\Program Files\Java\jre1.8.0_131\lib\ext\nashorn.jar;C:\Program Files\Java\jre1.8.0_131\lib\ext\sunec.jar;C:\Program Files\Java\jre1.8.0_131\lib\ext\sunjce_provider.jar;C:\Program Files\Java\jre1.8.0_131\lib\ext\sunmscapi.jar;C:\Program Files\Java\jre1.8.0_131\lib\ext\sunpkcs11.jar;C:\Program Files\Java\jre1.8.0_131\lib\ext\zipfs.jar;D:\workspace\say-hello-service\target\classes;D:\repository\org\springframework\cloud\spring-cloud-starter-eureka-server\1.4.6.RELEASE\spring-cloud-starter-eureka-server-1.4.6.RELEASE.jar;D:\repository\org\springframework\cloud\spring-cloud-starter-netflix-eureka-server\1.4.6.RELEASE\spring-cloud-starter-netflix-eureka-server-1.4.6.RELEASE.jar;D:\repository\org\springframework\cloud\spring-cloud-starter\1.3.5.RELEASE\spring-cloud-starter-1.3.5.RELEASE.jar;D:\repository\org\springframework\cloud\spring-cloud-context\1.3.5.RELEASE\spring-cloud-context-1.3.5.RELEASE.jar;D:\repository\org\springframework\security\spring-security-crypto\4.2.8.RELEASE\spring-security-crypto-4.2.8.RELEASE.jar;D:\repository\org\springframework\cloud\spring-cloud-commons\1.3.5.RELEASE\spring-cloud-commons-1.3.5.RELEASE.jar;D:\repository\org\springframework\security\spring-security-rsa\1.0.3.RELEASE\spring-security-rsa-1.0.3.RELEASE.jar;D:\repository\org\bounc
Launcher Type: SUN_STANDARD

Environment Variables:
JAVA_HOME=D:\soft_javaee\jdk1.8.0_121
CLASSPATH=D:\soft_javaee\apache-jmeter-5.0\lib\ext\ApacheJMeter_core.jar;D:\soft_javaee\apache-jmeter-5.0\lib\jorphan.jar;D:\soft_javaee\apache-jmeter-5.0\lib/logkit-2.0.jar
PATH=C:/Program Files/Java/jre1.8.0_131/bin/server;C:/Program Files/Java/jre1.8.0_131/bin;C:/Program Files/Java/jre1.8.0_131/lib/amd64;C:\Program Files\Microsoft MPI\Bin\;C:\ProgramData\Oracle\Java\javapath;C:\Windows\system32;C:\Windows;C:\Windows\System32\Wbem;C:\Windows\System32\WindowsPowerShell\v1.0\;C:\Windows\System32\OpenSSH\;C:\Program Files\MySQL\MySQL Utilities 1.6\;C:\Program Files\Git\cmd;C:\Program Files\Microsoft SQL Server\Client SDK\ODBC\130\Tools\Binn\;C:\Program Files (x86)\Microsoft SQL Server\140\Tools\Binn\;C:\Program Files\Microsoft SQL Server\140\Tools\Binn\;C:\Program Files\Microsoft SQL Server\140\DTS\Binn\;C:\Program Files\TortoiseGit\bin;D:\soft_javaee\jdk1.8.0_121\bin\;D:\soft_javaee\jdk1.8.0_121\jre\bin\;C:\Program Files\TortoiseSVN\bin;C:\Users\Administrator\AppData\Local\Microsoft\WindowsApps;;D:\eclipse-win32-x86_64\eclipse;
USERNAME=Administrator
OS=Windows_NT
PROCESSOR_IDENTIFIER=Intel64 Family 6 Model 158 Stepping 11, GenuineIntel



---------------  S Y S T E M  ---------------

OS: Windows 10.0 , 64 bit Build 17134 (10.0.17134.648)

CPU:total 4 (initial active 4) (4 cores per cpu, 1 threads per core) family 6 model 158 stepping 11, cmov, cx8, fxsr, mmx, sse, sse2, sse3, ssse3, sse4.1, sse4.2, popcnt, avx, avx2, aes, clmul, erms, 3dnowpref, lzcnt, tsc, tscinvbit, bmi1, bmi2, adx

Memory: 4k page, physical 8304820k(2313876k free), swap 16069424k(6116k free)

vm_info: Java HotSpot(TM) 64-Bit Server VM (25.131-b11) for windows-amd64 JRE (1.8.0_131-b11), built on Mar 15 2017 01:23:53 by "java_re" with MS VC++ 10.0 (VS2010)

time: Thu Mar 21 18:17:16 2019
elapsed time: 5 seconds (0d 0h 0m 5s)

