#
# There is insufficient memory for the Java Runtime Environment to continue.
# Native memory allocation (malloc) failed to allocate 65552 bytes for Chunk::new
# Possible reasons:
#   The system is out of physical RAM or swap space
#   In 32 bit mode, the process size limit was hit
# Possible solutions:
#   Reduce memory load on the system
#   Increase physical memory or swap space
#   Check if swap backing store is full
#   Use 64 bit Java on a 64 bit OS
#   Decrease Java heap size (-Xmx/-Xms)
#   Decrease number of Java threads
#   Decrease Java thread stack sizes (-Xss)
#   Set larger code cache with -XX:ReservedCodeCacheSize=
# This output file may be truncated or incomplete.
#
#  Out of Memory Error (allocation.cpp:390), pid=11836, tid=0x0000000000004c40
#
# JRE version: Java(TM) SE Runtime Environment (8.0_131-b11) (build 1.8.0_131-b11)
# Java VM: Java HotSpot(TM) 64-Bit Server VM (25.131-b11 mixed mode windows-amd64 compressed oops)
# Failed to write core dump. Minidumps are not enabled by default on client versions of Windows
#

---------------  T H R E A D  ---------------

Current thread (0x0000000017f26000):  JavaThread "C2 CompilerThread1" daemon [_thread_in_native, id=19520, stack(0x00000000199d0000,0x0000000019ad0000)]

Stack: [0x00000000199d0000,0x0000000019ad0000]
[error occurred during error reporting (printing stack bounds), id 0xc0000005]

Native frames: (J=compiled Java code, j=interpreted, Vv=VM code, C=native code)


Current CompileTask:
C2:   8656 3656       4       java.lang.Class::privateGetMethodRecursive (130 bytes)


---------------  P R O C E S S  ---------------

Java Threads: ( => current thread )
  0x000000001c6ec800 JavaThread "localhost-startStop-1" daemon [_thread_in_native, id=4748, stack(0x000000001ef10000,0x000000001f010000)]
  0x000000001af74000 JavaThread "Tomcat-startStop-1" daemon [_thread_blocked, id=10228, stack(0x000000001ee10000,0x000000001ef10000)]
  0x000000001c0a6000 JavaThread "spring.cloud.inetutils" daemon [_thread_in_native, id=15488, stack(0x000000001bd20000,0x000000001be20000)]
  0x000000001a689800 JavaThread "spring.cloud.inetutils" daemon [_thread_in_native, id=17684, stack(0x000000001b650000,0x000000001b750000)]
  0x0000000017f5d000 JavaThread "Service Thread" daemon [_thread_blocked, id=12780, stack(0x0000000019bd0000,0x0000000019cd0000)]
  0x0000000017f34000 JavaThread "C1 CompilerThread2" daemon [_thread_in_vm, id=17812, stack(0x0000000019ad0000,0x0000000019bd0000)]
=>0x0000000017f26000 JavaThread "C2 CompilerThread1" daemon [_thread_in_native, id=19520, stack(0x00000000199d0000,0x0000000019ad0000)]
  0x0000000017f22000 JavaThread "C2 CompilerThread0" daemon [_thread_in_native, id=10336, stack(0x00000000198d0000,0x00000000199d0000)]
  0x0000000017f20000 JavaThread "Attach Listener" daemon [_thread_blocked, id=6776, stack(0x00000000197d0000,0x00000000198d0000)]
  0x0000000019313800 JavaThread "Signal Dispatcher" daemon [_thread_blocked, id=4500, stack(0x00000000196d0000,0x00000000197d0000)]
  0x0000000017ef0000 JavaThread "Finalizer" daemon [_thread_blocked, id=19080, stack(0x0000000019160000,0x0000000019260000)]
  0x0000000003336000 JavaThread "Reference Handler" daemon [_thread_blocked, id=3304, stack(0x0000000019060000,0x0000000019160000)]
  0x0000000003246800 JavaThread "main" [_thread_blocked, id=17052, stack(0x0000000003140000,0x0000000003240000)]

Other Threads:
  0x0000000017ec8000 VMThread [stack: 0x0000000018f60000,0x0000000019060000] [id=19244]
  0x00000000193e7800 WatcherThread [stack: 0x0000000019cd0000,0x0000000019dd0000] [id=5292]

VM state:not at safepoint (normal execution)

VM Mutex/Monitor currently owned by a thread: None

Heap:
 PSYoungGen      total 71680K, used 64395K [0x00000000d5c00000, 0x00000000da700000, 0x0000000100000000)
  eden space 66560K, 89% used [0x00000000d5c00000,0x00000000d95e5ed8,0x00000000d9d00000)
  from space 5120K, 99% used [0x00000000d9d00000,0x00000000da1fd030,0x00000000da200000)
  to   space 5120K, 0% used [0x00000000da200000,0x00000000da200000,0x00000000da700000)
 ParOldGen       total 53248K, used 20575K [0x0000000081400000, 0x0000000084800000, 0x00000000d5c00000)
  object space 53248K, 38% used [0x0000000081400000,0x0000000082817fe0,0x0000000084800000)
 Metaspace       used 33119K, capacity 33532K, committed 34048K, reserved 1079296K
  class space    used 4143K, capacity 4233K, committed 4352K, reserved 1048576K

Card table byte_map: [0x0000000012720000,0x0000000012b20000] byte_map_base: 0x0000000012316000

Marking Bits: (ParMarkBitMap*) 0x000000006af5c720
 Begin Bits: [0x00000000131d0000, 0x0000000015180000)
 End Bits:   [0x0000000015180000, 0x0000000017130000)

Polling page: 0x0000000003120000

CodeCache: size=245760Kb used=12485Kb max_used=12488Kb free=233274Kb
 bounds [0x0000000003360000, 0x0000000003fa0000, 0x0000000012360000]
 total_blobs=3708 nmethods=3295 adapters=325
 compilation: enabled

Compilation events (10 events):
Event: 8.592 Thread 0x0000000017f22000 3655       4       java.lang.Class::getMethod0 (40 bytes)
Event: 8.598 Thread 0x0000000017f34000 3657       1       org.apache.catalina.webresources.AbstractResourceSet::getStaticOnly (5 bytes)
Event: 8.598 Thread 0x0000000017f34000 nmethod 3657 0x0000000003f77150 code [0x0000000003f772a0, 0x0000000003f773b0]
Event: 8.601 Thread 0x0000000017f34000 3658       3       java.beans.Introspector::getTargetEventInfo (1082 bytes)
Event: 8.607 Thread 0x0000000017f34000 nmethod 3658 0x0000000003f85fd0 code [0x0000000003f86ca0, 0x0000000003f90bd8]
Event: 8.624 Thread 0x0000000017f26000 nmethod 3654 0x0000000003f9b650 code [0x0000000003f9b8e0, 0x0000000003f9d8b0]
Event: 8.624 Thread 0x0000000017f26000 3656       4       java.lang.Class::privateGetMethodRecursive (130 bytes)
Event: 8.644 Thread 0x0000000017f34000 3660       1       org.apache.catalina.webresources.AbstractResourceSet::getRoot (5 bytes)
Event: 8.644 Thread 0x0000000017f34000 nmethod 3660 0x0000000003f85190 code [0x0000000003f852e0, 0x0000000003f853f0]
Event: 8.651 Thread 0x0000000017f34000 3661       3       org.springframework.cglib.core.AbstractClassGenerator::getClassLoader (53 bytes)

GC Heap History (10 events):
Event: 3.713 GC heap before
{Heap before GC invocations=6 (full 1):
 PSYoungGen      total 71680K, used 5119K [0x00000000d5c00000, 0x00000000da700000, 0x0000000100000000)
  eden space 66560K, 0% used [0x00000000d5c00000,0x00000000d5c00000,0x00000000d9d00000)
  from space 5120K, 99% used [0x00000000d9d00000,0x00000000da1ffcf0,0x00000000da200000)
  to   space 5120K, 0% used [0x00000000da200000,0x00000000da200000,0x00000000da700000)
 ParOldGen       total 87552K, used 4182K [0x0000000081400000, 0x0000000086980000, 0x00000000d5c00000)
  object space 87552K, 4% used [0x0000000081400000,0x0000000081815a08,0x0000000086980000)
 Metaspace       used 20796K, capacity 21092K, committed 21296K, reserved 1069056K
  class space    used 2587K, capacity 2661K, committed 2688K, reserved 1048576K
Event: 3.740 GC heap after
Heap after GC invocations=6 (full 1):
 PSYoungGen      total 71680K, used 0K [0x00000000d5c00000, 0x00000000da700000, 0x0000000100000000)
  eden space 66560K, 0% used [0x00000000d5c00000,0x00000000d5c00000,0x00000000d9d00000)
  from space 5120K, 0% used [0x00000000d9d00000,0x00000000d9d00000,0x00000000da200000)
  to   space 5120K, 0% used [0x00000000da200000,0x00000000da200000,0x00000000da700000)
 ParOldGen       total 53248K, used 8043K [0x0000000081400000, 0x0000000084800000, 0x00000000d5c00000)
  object space 53248K, 15% used [0x0000000081400000,0x0000000081bdadd0,0x0000000084800000)
 Metaspace       used 20796K, capacity 21092K, committed 21296K, reserved 1069056K
  class space    used 2587K, capacity 2661K, committed 2688K, reserved 1048576K
}
Event: 5.786 GC heap before
{Heap before GC invocations=7 (full 1):
 PSYoungGen      total 71680K, used 66560K [0x00000000d5c00000, 0x00000000da700000, 0x0000000100000000)
  eden space 66560K, 100% used [0x00000000d5c00000,0x00000000d9d00000,0x00000000d9d00000)
  from space 5120K, 0% used [0x00000000d9d00000,0x00000000d9d00000,0x00000000da200000)
  to   space 5120K, 0% used [0x00000000da200000,0x00000000da200000,0x00000000da700000)
 ParOldGen       total 53248K, used 8043K [0x0000000081400000, 0x0000000084800000, 0x00000000d5c00000)
  object space 53248K, 15% used [0x0000000081400000,0x0000000081bdadd0,0x0000000084800000)
 Metaspace       used 23049K, capacity 23324K, committed 23552K, reserved 1069056K
  class space    used 2872K, capacity 2953K, committed 3072K, reserved 1048576K
Event: 5.791 GC heap after
Heap after GC invocations=7 (full 1):
 PSYoungGen      total 71680K, used 4414K [0x00000000d5c00000, 0x00000000da700000, 0x0000000100000000)
  eden space 66560K, 0% used [0x00000000d5c00000,0x00000000d5c00000,0x00000000d9d00000)
  from space 5120K, 86% used [0x00000000da200000,0x00000000da64fb50,0x00000000da700000)
  to   space 5120K, 0% used [0x00000000d9d00000,0x00000000d9d00000,0x00000000da200000)
 ParOldGen       total 53248K, used 8051K [0x0000000081400000, 0x0000000084800000, 0x00000000d5c00000)
  object space 53248K, 15% used [0x0000000081400000,0x0000000081bdcdd0,0x0000000084800000)
 Metaspace       used 23049K, capacity 23324K, committed 23552K, reserved 1069056K
  class space    used 2872K, capacity 2953K, committed 3072K, reserved 1048576K
}
Event: 6.530 GC heap before
{Heap before GC invocations=8 (full 1):
 PSYoungGen      total 71680K, used 70974K [0x00000000d5c00000, 0x00000000da700000, 0x0000000100000000)
  eden space 66560K, 100% used [0x00000000d5c00000,0x00000000d9d00000,0x00000000d9d00000)
  from space 5120K, 86% used [0x00000000da200000,0x00000000da64fb50,0x00000000da700000)
  to   space 5120K, 0% used [0x00000000d9d00000,0x00000000d9d00000,0x00000000da200000)
 ParOldGen       total 53248K, used 8051K [0x0000000081400000, 0x0000000084800000, 0x00000000d5c00000)
  object space 53248K, 15% used [0x0000000081400000,0x0000000081bdcdd0,0x0000000084800000)
 Metaspace       used 24592K, capacity 24868K, committed 25216K, reserved 1071104K
  class space    used 3090K, capacity 3157K, committed 3200K, reserved 1048576K
Event: 6.541 GC heap after
Heap after GC invocations=8 (full 1):
 PSYoungGen      total 71680K, used 5117K [0x00000000d5c00000, 0x00000000da700000, 0x0000000100000000)
  eden space 66560K, 0% used [0x00000000d5c00000,0x00000000d5c00000,0x00000000d9d00000)
  from space 5120K, 99% used [0x00000000d9d00000,0x00000000da1ff698,0x00000000da200000)
  to   space 5120K, 0% used [0x00000000da200000,0x00000000da200000,0x00000000da700000)
 ParOldGen       total 53248K, used 9529K [0x0000000081400000, 0x0000000084800000, 0x00000000d5c00000)
  object space 53248K, 17% used [0x0000000081400000,0x0000000081d4e448,0x0000000084800000)
 Metaspace       used 24592K, capacity 24868K, committed 25216K, reserved 1071104K
  class space    used 3090K, capacity 3157K, committed 3200K, reserved 1048576K
}
Event: 7.046 GC heap before
{Heap before GC invocations=9 (full 1):
 PSYoungGen      total 71680K, used 71677K [0x00000000d5c00000, 0x00000000da700000, 0x0000000100000000)
  eden space 66560K, 100% used [0x00000000d5c00000,0x00000000d9d00000,0x00000000d9d00000)
  from space 5120K, 99% used [0x00000000d9d00000,0x00000000da1ff698,0x00000000da200000)
  to   space 5120K, 0% used [0x00000000da200000,0x00000000da200000,0x00000000da700000)
 ParOldGen       total 53248K, used 9529K [0x0000000081400000, 0x0000000084800000, 0x00000000d5c00000)
  object space 53248K, 17% used [0x0000000081400000,0x0000000081d4e448,0x0000000084800000)
 Metaspace       used 26533K, capacity 26862K, committed 27008K, reserved 1073152K
  class space    used 3343K, capacity 3452K, committed 3456K, reserved 1048576K
Event: 7.053 GC heap after
Heap after GC invocations=9 (full 1):
 PSYoungGen      total 71680K, used 5108K [0x00000000d5c00000, 0x00000000da700000, 0x0000000100000000)
  eden space 66560K, 0% used [0x00000000d5c00000,0x00000000d5c00000,0x00000000d9d00000)
  from space 5120K, 99% used [0x00000000da200000,0x00000000da6fd030,0x00000000da700000)
  to   space 5120K, 0% used [0x00000000d9d00000,0x00000000d9d00000,0x00000000da200000)
 ParOldGen       total 53248K, used 12023K [0x0000000081400000, 0x0000000084800000, 0x00000000d5c00000)
  object space 53248K, 22% used [0x0000000081400000,0x0000000081fbdff0,0x0000000084800000)
 Metaspace       used 26533K, capacity 26862K, committed 27008K, reserved 1073152K
  class space    used 3343K, capacity 3452K, committed 3456K, reserved 1048576K
}
Event: 7.995 GC heap before
{Heap before GC invocations=10 (full 1):
 PSYoungGen      total 71680K, used 71668K [0x00000000d5c00000, 0x00000000da700000, 0x0000000100000000)
  eden space 66560K, 100% used [0x00000000d5c00000,0x00000000d9d00000,0x00000000d9d00000)
  from space 5120K, 99% used [0x00000000da200000,0x00000000da6fd030,0x00000000da700000)
  to   space 5120K, 0% used [0x00000000d9d00000,0x00000000d9d00000,0x00000000da200000)
 ParOldGen       total 53248K, used 12023K [0x0000000081400000, 0x0000000084800000, 0x00000000d5c00000)
  object space 53248K, 22% used [0x0000000081400000,0x0000000081fbdff0,0x0000000084800000)
 Metaspace       used 31254K, capacity 31626K, committed 32000K, reserved 1077248K
  class space    used 3934K, capacity 4006K, committed 4096K, reserved 1048576K
Event: 8.007 GC heap after
Heap after GC invocations=10 (full 1):
 PSYoungGen      total 71680K, used 5108K [0x00000000d5c00000, 0x00000000da700000, 0x0000000100000000)
  eden space 66560K, 0% used [0x00000000d5c00000,0x00000000d5c00000,0x00000000d9d00000)
  from space 5120K, 99% used [0x00000000d9d00000,0x00000000da1fd030,0x00000000da200000)
  to   space 5120K, 0% used [0x00000000da200000,0x00000000da200000,0x00000000da700000)
 ParOldGen       total 53248K, used 20575K [0x0000000081400000, 0x0000000084800000, 0x00000000d5c00000)
  object space 53248K, 38% used [0x0000000081400000,0x0000000082817fe0,0x0000000084800000)
 Metaspace       used 31254K, capacity 31626K, committed 32000K, reserved 1077248K
  class space    used 3934K, capacity 4006K, committed 4096K, reserved 1048576K
}

Deoptimization events (10 events):
Event: 8.198 Thread 0x000000001c6ec800 Uncommon trap: reason=class_check action=maybe_recompile pc=0x00000000039dbd74 method=java.util.zip.InflaterInputStream.read([BII)I @ 100
Event: 8.198 Thread 0x000000001c6ec800 Uncommon trap: reason=class_check action=maybe_recompile pc=0x00000000039dbd74 method=java.util.zip.InflaterInputStream.read([BII)I @ 100
Event: 8.198 Thread 0x000000001c6ec800 Uncommon trap: reason=class_check action=maybe_recompile pc=0x00000000039dbd74 method=java.util.zip.InflaterInputStream.read([BII)I @ 100
Event: 8.198 Thread 0x000000001c6ec800 Uncommon trap: reason=class_check action=maybe_recompile pc=0x00000000039dbd74 method=java.util.zip.InflaterInputStream.read([BII)I @ 100
Event: 8.210 Thread 0x000000001c6ec800 Uncommon trap: reason=unstable_if action=reinterpret pc=0x0000000003959d4c method=java.util.jar.Manifest$FastInputStream.readLine([BII)I @ 87
Event: 8.284 Thread 0x000000001c6ec800 Uncommon trap: reason=unstable_if action=reinterpret pc=0x0000000003efbc48 method=java.util.jar.Attributes$Name.isAlpha(C)Z @ 21
Event: 8.407 Thread 0x000000001c6ec800 Uncommon trap: reason=unstable_if action=reinterpret pc=0x00000000036dc874 method=java.lang.String.lastIndexOf([CII[CIII)I @ 118
Event: 8.559 Thread 0x000000001c6ec800 Uncommon trap: reason=unstable_if action=reinterpret pc=0x0000000003ef5370 method=java.util.Properties$LineReader.readLine()I @ 180
Event: 8.574 Thread 0x000000001c6ec800 Uncommon trap: reason=unstable_if action=reinterpret pc=0x0000000003b27464 method=org.springframework.util.ConcurrentReferenceHashMap$Segment.findInChain(Lorg/springframework/util/ConcurrentReferenceHashMap$Reference;Ljava/lang/Object;I)Lorg/springframewo
Event: 8.574 Thread 0x000000001c6ec800 Uncommon trap: reason=unstable_if action=reinterpret pc=0x0000000003b25d28 method=org.springframework.util.ConcurrentReferenceHashMap$Segment.findInChain(Lorg/springframework/util/ConcurrentReferenceHashMap$Reference;Ljava/lang/Object;I)Lorg/springframewo

Internal exceptions (10 events):
Event: 8.632 Thread 0x000000001c6ec800 Exception <a 'java/lang/ClassNotFoundException': org/springframework/beans/factory/BeanNameAwareCustomizer> (0x00000000d9345c58) thrown at [C:\re\workspace\8-2-build-windows-amd64-cygwin\jdk8u131\8869\hotspot\src\share\vm\classfile\systemDictionary.cpp, l
Event: 8.633 Thread 0x000000001c6ec800 Exception <a 'java/lang/ClassNotFoundException': org/springframework/context/EnvironmentAwareCustomizer> (0x00000000d93664e0) thrown at [C:\re\workspace\8-2-build-windows-amd64-cygwin\jdk8u131\8869\hotspot\src\share\vm\classfile\systemDictionary.cpp, line
Event: 8.633 Thread 0x000000001c6ec800 Exception <a 'java/lang/ClassNotFoundException': org/springframework/core/env/EnvironmentCapableCustomizer> (0x00000000d9387d20) thrown at [C:\re\workspace\8-2-build-windows-amd64-cygwin\jdk8u131\8869\hotspot\src\share\vm\classfile\systemDictionary.cpp, l
Event: 8.635 Thread 0x000000001c6ec800 Exception <a 'java/lang/ClassNotFoundException': org/springframework/web/context/ServletContextAwareCustomizer> (0x00000000d93abf10) thrown at [C:\re\workspace\8-2-build-windows-amd64-cygwin\jdk8u131\8869\hotspot\src\share\vm\classfile\systemDictionary.cp
Event: 8.637 Thread 0x000000001c6ec800 Exception <a 'java/lang/ClassNotFoundException': org/springframework/beans/factory/InitializingBeanCustomizer> (0x00000000d93cf6a8) thrown at [C:\re\workspace\8-2-build-windows-amd64-cygwin\jdk8u131\8869\hotspot\src\share\vm\classfile\systemDictionary.cpp
Event: 8.638 Thread 0x000000001c6ec800 Exception <a 'java/lang/ClassNotFoundException': org/springframework/beans/factory/DisposableBeanCustomizer> (0x00000000d93f0d30) thrown at [C:\re\workspace\8-2-build-windows-amd64-cygwin\jdk8u131\8869\hotspot\src\share\vm\classfile\systemDictionary.cpp, 
Event: 8.641 Thread 0x000000001c6ec800 Exception <a 'java/lang/ClassNotFoundException': java/lang/ObjectCustomizer> (0x00000000d942c1d8) thrown at [C:\re\workspace\8-2-build-windows-amd64-cygwin\jdk8u131\8869\hotspot\src\share\vm\classfile\systemDictionary.cpp, line 210]
Event: 8.643 Thread 0x000000001c6ec800 Exception <a 'java/lang/ClassNotFoundException': org/springframework/boot/autoconfigure/web/WebMvcAutoConfigurationCustomizer> (0x00000000d9458900) thrown at [C:\re\workspace\8-2-build-windows-amd64-cygwin\jdk8u131\8869\hotspot\src\share\vm\classfile\syst
Event: 8.645 Thread 0x000000001c6ec800 Exception <a 'java/lang/ClassNotFoundException': org/springframework/boot/autoconfigure/web/WebMvcAutoConfiguration$$EnhancerBySpringCGLIB$$d8705947Customizer> (0x00000000d9491310) thrown at [C:\re\workspace\8-2-build-windows-amd64-cygwin\jdk8u131\8869\ho
Event: 8.646 Thread 0x000000001c6ec800 Exception <a 'java/lang/ClassNotFoundException': org/springframework/context/annotation/ConfigurationClassEnhancer$EnhancedConfigurationCustomizer> (0x00000000d94ca018) thrown at [C:\re\workspace\8-2-build-windows-amd64-cygwin\jdk8u131\8869\hotspot\src\sh

Events (10 events):
Event: 8.644 loading class org/springframework/boot/autoconfigure/web/WebMvcAutoConfiguration$$EnhancerBySpringCGLIB$$d8705947Customizer
Event: 8.644 loading class org/springframework/boot/autoconfigure/web/WebMvcAutoConfiguration$$EnhancerBySpringCGLIB$$d8705947Customizer done
Event: 8.645 loading class org/springframework/boot/autoconfigure/web/WebMvcAutoConfiguration$$EnhancerBySpringCGLIB$$d8705947Customizer
Event: 8.645 loading class org/springframework/boot/autoconfigure/web/WebMvcAutoConfiguration$$EnhancerBySpringCGLIB$$d8705947Customizer done
Event: 8.646 loading class org/springframework/context/annotation/ConfigurationClassEnhancer$EnhancedConfigurationCustomizer
Event: 8.646 loading class org/springframework/context/annotation/ConfigurationClassEnhancer$EnhancedConfigurationCustomizer done
Event: 8.646 loading class org/springframework/context/annotation/ConfigurationClassEnhancer$EnhancedConfigurationCustomizer
Event: 8.646 loading class org/springframework/context/annotation/ConfigurationClassEnhancer$EnhancedConfigurationCustomizer done
Event: 8.646 loading class org/springframework/context/annotation/ConfigurationClassEnhancer$EnhancedConfigurationCustomizer
Event: 8.646 loading class org/springframework/context/annotation/ConfigurationClassEnhancer$EnhancedConfigurationCustomizer done


Dynamic libraries:
0x00007ff7efd10000 - 0x00007ff7efd47000 	C:\Program Files\Java\jre1.8.0_131\bin\javaw.exe
0x00007ffbb5110000 - 0x00007ffbb52f1000 	C:\Windows\SYSTEM32\ntdll.dll
0x00007ffbb30b0000 - 0x00007ffbb3162000 	C:\Windows\System32\KERNEL32.DLL
0x00007ffbb1c70000 - 0x00007ffbb1ee3000 	C:\Windows\System32\KERNELBASE.dll
0x00007ffbb2f50000 - 0x00007ffbb2ff1000 	C:\Windows\System32\ADVAPI32.dll
0x00007ffbb4fb0000 - 0x00007ffbb504e000 	C:\Windows\System32\msvcrt.dll
0x00007ffbb2930000 - 0x00007ffbb298b000 	C:\Windows\System32\sechost.dll
0x00007ffbb3300000 - 0x00007ffbb3424000 	C:\Windows\System32\RPCRT4.dll
0x00007ffbb3170000 - 0x00007ffbb3300000 	C:\Windows\System32\USER32.dll
0x00007ffbb1c50000 - 0x00007ffbb1c70000 	C:\Windows\System32\win32u.dll
0x00007ffbb3500000 - 0x00007ffbb3528000 	C:\Windows\System32\GDI32.dll
0x00007ffbb1fe0000 - 0x00007ffbb2172000 	C:\Windows\System32\gdi32full.dll
0x00007ffbb1f40000 - 0x00007ffbb1fdf000 	C:\Windows\System32\msvcp_win.dll
0x00007ffbb2180000 - 0x00007ffbb2278000 	C:\Windows\System32\ucrtbase.dll
0x00007ffba4c60000 - 0x00007ffba4ec9000 	C:\Windows\WinSxS\amd64_microsoft.windows.common-controls_6595b64144ccf1df_6.0.17134.648_none_fb45a0e93062a6d2\COMCTL32.dll
0x00007ffbb25a0000 - 0x00007ffbb28c2000 	C:\Windows\System32\combase.dll
0x00007ffbb2280000 - 0x00007ffbb22fa000 	C:\Windows\System32\bcryptPrimitives.dll
0x00007ffbb3000000 - 0x00007ffbb302d000 	C:\Windows\System32\IMM32.DLL
0x000000006c3b0000 - 0x000000006c482000 	C:\Program Files\Java\jre1.8.0_131\bin\msvcr100.dll
0x000000006a740000 - 0x000000006afdc000 	C:\Program Files\Java\jre1.8.0_131\bin\server\jvm.dll
0x00007ffbb3b00000 - 0x00007ffbb3b08000 	C:\Windows\System32\PSAPI.DLL
0x00007ffbaa7a0000 - 0x00007ffbaa7a9000 	C:\Windows\SYSTEM32\WSOCK32.dll
0x00007ffbb3030000 - 0x00007ffbb309c000 	C:\Windows\System32\WS2_32.dll
0x00007ffbaf690000 - 0x00007ffbaf6b3000 	C:\Windows\SYSTEM32\WINMM.dll
0x00007ffba26d0000 - 0x00007ffba26da000 	C:\Windows\SYSTEM32\VERSION.dll
0x00007ffbaf630000 - 0x00007ffbaf65a000 	C:\Windows\SYSTEM32\winmmbase.dll
0x00007ffbb1ef0000 - 0x00007ffbb1f39000 	C:\Windows\System32\cfgmgr32.dll
0x000000006a730000 - 0x000000006a73f000 	C:\Program Files\Java\jre1.8.0_131\bin\verify.dll
0x000000006a700000 - 0x000000006a729000 	C:\Program Files\Java\jre1.8.0_131\bin\java.dll
0x000000006a6e0000 - 0x000000006a6f6000 	C:\Program Files\Java\jre1.8.0_131\bin\zip.dll
0x00007ffbb3b70000 - 0x00007ffbb4fb0000 	C:\Windows\System32\SHELL32.dll
0x00007ffbb3450000 - 0x00007ffbb34f9000 	C:\Windows\System32\shcore.dll
0x00007ffbb14e0000 - 0x00007ffbb1bed000 	C:\Windows\System32\windows.storage.dll
0x00007ffbb3b10000 - 0x00007ffbb3b61000 	C:\Windows\System32\shlwapi.dll
0x00007ffbb14c0000 - 0x00007ffbb14d1000 	C:\Windows\System32\kernel.appcore.dll
0x00007ffbb1420000 - 0x00007ffbb143f000 	C:\Windows\System32\profapi.dll
0x00007ffbb1450000 - 0x00007ffbb149c000 	C:\Windows\System32\powrprof.dll
0x00007ffbb1440000 - 0x00007ffbb144a000 	C:\Windows\System32\FLTLIB.DLL
0x000000006a6c0000 - 0x000000006a6da000 	C:\Program Files\Java\jre1.8.0_131\bin\net.dll
0x00007ffbb0ca0000 - 0x00007ffbb0d06000 	C:\Windows\system32\mswsock.dll
0x00007ffbb0a20000 - 0x00007ffbb0a58000 	C:\Windows\SYSTEM32\IPHLPAPI.DLL
0x00007ffbb30a0000 - 0x00007ffbb30a8000 	C:\Windows\System32\NSI.dll
0x00007ffbacab0000 - 0x00007ffbacac6000 	C:\Windows\SYSTEM32\dhcpcsvc6.DLL
0x00007ffbac700000 - 0x00007ffbac71a000 	C:\Windows\SYSTEM32\dhcpcsvc.DLL
0x00007ffbb0a60000 - 0x00007ffbb0b1e000 	C:\Windows\SYSTEM32\DNSAPI.dll
0x000000006cac0000 - 0x000000006cae6000 	C:\Program Files\Bonjour\mdnsNSP.dll
0x000000006c6a0000 - 0x000000006c6ad000 	C:\Program Files\Java\jre1.8.0_131\bin\management.dll
0x00007ffba0500000 - 0x00007ffba0516000 	C:\Windows\system32\napinsp.dll
0x00007ffba04b0000 - 0x00007ffba04ca000 	C:\Windows\system32\pnrpnsp.dll
0x00007ffbaed50000 - 0x00007ffbaed69000 	C:\Windows\system32\NLAapi.dll
0x00007ffba0760000 - 0x00007ffba076e000 	C:\Windows\System32\winrnr.dll
0x00007ffbac550000 - 0x00007ffbac55a000 	C:\Windows\System32\rasadhlp.dll
0x00007ffbaae50000 - 0x00007ffbaaec2000 	C:\Windows\System32\fwpuclnt.dll
0x00007ffbb0f80000 - 0x00007ffbb0fa5000 	C:\Windows\SYSTEM32\bcrypt.dll
0x000000006a6a0000 - 0x000000006a6b1000 	C:\Program Files\Java\jre1.8.0_131\bin\nio.dll
0x00007ffbb0e50000 - 0x00007ffbb0e67000 	C:\Windows\SYSTEM32\CRYPTSP.dll
0x00007ffbb0880000 - 0x00007ffbb08b3000 	C:\Windows\system32\rsaenh.dll
0x00007ffbb1350000 - 0x00007ffbb1378000 	C:\Windows\SYSTEM32\USERENV.dll
0x00007ffbb0e70000 - 0x00007ffbb0e7b000 	C:\Windows\SYSTEM32\CRYPTBASE.dll

VM Arguments:
jvm_args: -Dfile.encoding=UTF-8 
java_command: com.lance.eshop.GreetingServiceApplication
java_class_path (initial): C:\Program Files\Java\jre1.8.0_131\lib\resources.jar;C:\Program Files\Java\jre1.8.0_131\lib\rt.jar;C:\Program Files\Java\jre1.8.0_131\lib\jsse.jar;C:\Program Files\Java\jre1.8.0_131\lib\jce.jar;C:\Program Files\Java\jre1.8.0_131\lib\charsets.jar;C:\Program Files\Java\jre1.8.0_131\lib\jfr.jar;C:\Program Files\Java\jre1.8.0_131\lib\ext\access-bridge-64.jar;C:\Program Files\Java\jre1.8.0_131\lib\ext\cldrdata.jar;C:\Program Files\Java\jre1.8.0_131\lib\ext\dnsns.jar;C:\Program Files\Java\jre1.8.0_131\lib\ext\dns_sd.jar;C:\Program Files\Java\jre1.8.0_131\lib\ext\jaccess.jar;C:\Program Files\Java\jre1.8.0_131\lib\ext\jfxrt.jar;C:\Program Files\Java\jre1.8.0_131\lib\ext\localedata.jar;C:\Program Files\Java\jre1.8.0_131\lib\ext\nashorn.jar;C:\Program Files\Java\jre1.8.0_131\lib\ext\sunec.jar;C:\Program Files\Java\jre1.8.0_131\lib\ext\sunjce_provider.jar;C:\Program Files\Java\jre1.8.0_131\lib\ext\sunmscapi.jar;C:\Program Files\Java\jre1.8.0_131\lib\ext\sunpkcs11.jar;C:\Program Files\Java\jre1.8.0_131\lib\ext\zipfs.jar;D:\workspace\greeting-service\target\classes;D:\repository\org\springframework\cloud\spring-cloud-starter-eureka\1.4.6.RELEASE\spring-cloud-starter-eureka-1.4.6.RELEASE.jar;D:\repository\org\springframework\cloud\spring-cloud-starter-netflix-eureka-client\1.4.6.RELEASE\spring-cloud-starter-netflix-eureka-client-1.4.6.RELEASE.jar;D:\repository\org\springframework\cloud\spring-cloud-starter\1.3.5.RELEASE\spring-cloud-starter-1.3.5.RELEASE.jar;D:\repository\org\springframework\cloud\spring-cloud-context\1.3.5.RELEASE\spring-cloud-context-1.3.5.RELEASE.jar;D:\repository\org\springframework\security\spring-security-rsa\1.0.3.RELEASE\spring-security-rsa-1.0.3.RELEASE.jar;D:\repository\org\bouncycastle\bcpkix-jdk15on\1.55\bcpkix-jdk15on-1.55.jar;D:\repository\org\bouncycastle\bcprov-jdk15on\1.55\bcprov-jdk15on-1.55.jar;D:\repository\org\springframework\cloud\spring-cloud-netflix-core\1.4.6.RELEASE\spring-cloud-netflix-core-1.4.6.RELEASE.jar
Launcher Type: SUN_STANDARD

Environment Variables:
JAVA_HOME=D:\soft_javaee\jdk1.8.0_121
CLASSPATH=D:\soft_javaee\apache-jmeter-5.0\lib\ext\ApacheJMeter_core.jar;D:\soft_javaee\apache-jmeter-5.0\lib\jorphan.jar;D:\soft_javaee\apache-jmeter-5.0\lib/logkit-2.0.jar
PATH=C:/Program Files/Java/jre1.8.0_131/bin/server;C:/Program Files/Java/jre1.8.0_131/bin;C:/Program Files/Java/jre1.8.0_131/lib/amd64;C:\Program Files\Microsoft MPI\Bin\;C:\ProgramData\Oracle\Java\javapath;C:\Windows\system32;C:\Windows;C:\Windows\System32\Wbem;C:\Windows\System32\WindowsPowerShell\v1.0\;C:\Windows\System32\OpenSSH\;C:\Program Files\MySQL\MySQL Utilities 1.6\;C:\Program Files\Git\cmd;C:\Program Files\Microsoft SQL Server\Client SDK\ODBC\130\Tools\Binn\;C:\Program Files (x86)\Microsoft SQL Server\140\Tools\Binn\;C:\Program Files\Microsoft SQL Server\140\Tools\Binn\;C:\Program Files\Microsoft SQL Server\140\DTS\Binn\;C:\Program Files\TortoiseGit\bin;D:\soft_javaee\jdk1.8.0_121\bin\;D:\soft_javaee\jdk1.8.0_121\jre\bin\;C:\Program Files\TortoiseSVN\bin;C:\Users\Administrator\AppData\Local\Microsoft\WindowsApps;;D:\eclipse-win32-x86_64\eclipse;
USERNAME=Administrator
OS=Windows_NT
PROCESSOR_IDENTIFIER=Intel64 Family 6 Model 158 Stepping 11, GenuineIntel



---------------  S Y S T E M  ---------------

OS: Windows 10.0 , 64 bit Build 17134 (10.0.17134.648)

CPU:total 4 (initial active 4) (4 cores per cpu, 1 threads per core) family 6 model 158 stepping 11, cmov, cx8, fxsr, mmx, sse, sse2, sse3, ssse3, sse4.1, sse4.2, popcnt, avx, avx2, aes, clmul, erms, 3dnowpref, lzcnt, tsc, tscinvbit, bmi1, bmi2, adx

Memory: 4k page, physical 8304820k(575452k free), swap 16069424k(5300k free)

vm_info: Java HotSpot(TM) 64-Bit Server VM (25.131-b11) for windows-amd64 JRE (1.8.0_131-b11), built on Mar 15 2017 01:23:53 by "java_re" with MS VC++ 10.0 (VS2010)

time: Thu Mar 21 18:00:27 2019
elapsed time: 8 seconds (0d 0h 0m 8s)

