#
# There is insufficient memory for the Java Runtime Environment to continue.
# Native memory allocation (malloc) failed to allocate 1452656 bytes for Chunk::new
# Possible reasons:
#   The system is out of physical RAM or swap space
#   In 32 bit mode, the process size limit was hit
# Possible solutions:
#   Reduce memory load on the system
#   Increase physical memory or swap space
#   Check if swap backing store is full
#   Use 64 bit Java on a 64 bit OS
#   Decrease Java heap size (-Xmx/-Xms)
#   Decrease number of Java threads
#   Decrease Java thread stack sizes (-Xss)
#   Set larger code cache with -XX:ReservedCodeCacheSize=
# This output file may be truncated or incomplete.
#
#  Out of Memory Error (allocation.cpp:390), pid=3704, tid=0x0000000000004528
#
# JRE version: Java(TM) SE Runtime Environment (8.0_131-b11) (build 1.8.0_131-b11)
# Java VM: Java HotSpot(TM) 64-Bit Server VM (25.131-b11 mixed mode windows-amd64 compressed oops)
# Failed to write core dump. Minidumps are not enabled by default on client versions of Windows
#

---------------  T H R E A D  ---------------

Current thread (0x0000000017ac7800):  JavaThread "C2 CompilerThread1" daemon [_thread_in_native, id=17704, stack(0x0000000019570000,0x0000000019670000)]

Stack: [0x0000000019570000,0x0000000019670000]
[error occurred during error reporting (printing stack bounds), id 0xc0000005]

Native frames: (J=compiled Java code, j=interpreted, Vv=VM code, C=native code)


Current CompileTask:
C2:   6067 2277       4       java.net.URLClassLoader$1::run (5 bytes)


---------------  P R O C E S S  ---------------

Java Threads: ( => current thread )
  0x000000001ba66800 JavaThread "spring.cloud.inetutils" daemon [_thread_in_native, id=7740, stack(0x000000001b900000,0x000000001ba00000)]
  0x000000001a4ae800 JavaThread "spring.cloud.inetutils" daemon [_thread_in_native, id=19844, stack(0x000000001b1f0000,0x000000001b2f0000)]
  0x0000000017afc000 JavaThread "Service Thread" daemon [_thread_blocked, id=15980, stack(0x0000000019770000,0x0000000019870000)]
  0x0000000017ac8800 JavaThread "C1 CompilerThread2" daemon [_thread_in_vm, id=2648, stack(0x0000000019670000,0x0000000019770000)]
=>0x0000000017ac7800 JavaThread "C2 CompilerThread1" daemon [_thread_in_native, id=17704, stack(0x0000000019570000,0x0000000019670000)]
  0x0000000017ac0000 JavaThread "C2 CompilerThread0" daemon [_thread_in_native, id=18992, stack(0x0000000019470000,0x0000000019570000)]
  0x0000000017abe800 JavaThread "Attach Listener" daemon [_thread_blocked, id=19632, stack(0x0000000019370000,0x0000000019470000)]
  0x0000000018eb3800 JavaThread "Signal Dispatcher" daemon [_thread_blocked, id=16288, stack(0x0000000019270000,0x0000000019370000)]
  0x0000000002efd800 JavaThread "Finalizer" daemon [_thread_blocked, id=19324, stack(0x0000000018d00000,0x0000000018e00000)]
  0x0000000002ef8000 JavaThread "Reference Handler" daemon [_thread_blocked, id=4780, stack(0x0000000018c00000,0x0000000018d00000)]
  0x0000000002e06800 JavaThread "main" [_thread_in_Java, id=17080, stack(0x0000000002ce0000,0x0000000002de0000)]

Other Threads:
  0x0000000017a67800 VMThread [stack: 0x0000000018b00000,0x0000000018c00000] [id=18852]
  0x0000000018f87800 WatcherThread [stack: 0x0000000019870000,0x0000000019970000] [id=3248]

VM state:not at safepoint (normal execution)

VM Mutex/Monitor currently owned by a thread: None

Heap:
 PSYoungGen      total 68096K, used 10228K [0x00000000d5c00000, 0x00000000dd800000, 0x0000000100000000)
  eden space 62976K, 9% used [0x00000000d5c00000,0x00000000d61a7a88,0x00000000d9980000)
  from space 5120K, 86% used [0x00000000da200000,0x00000000da6557a8,0x00000000da700000)
  to   space 8704K, 0% used [0x00000000d9980000,0x00000000d9980000,0x00000000da200000)
 ParOldGen       total 55296K, used 8061K [0x0000000081400000, 0x0000000084a00000, 0x00000000d5c00000)
  object space 55296K, 14% used [0x0000000081400000,0x0000000081bdf5a0,0x0000000084a00000)
 Metaspace       used 23139K, capacity 23394K, committed 23808K, reserved 1071104K
  class space    used 2885K, capacity 2954K, committed 3072K, reserved 1048576K

Card table byte_map: [0x00000000122c0000,0x00000000126c0000] byte_map_base: 0x0000000011eb6000

Marking Bits: (ParMarkBitMap*) 0x000000006af5c720
 Begin Bits: [0x0000000012d70000, 0x0000000014d20000)
 End Bits:   [0x0000000014d20000, 0x0000000016cd0000)

Polling page: 0x0000000000ea0000

CodeCache: size=245760Kb used=8558Kb max_used=8558Kb free=237202Kb
 bounds [0x0000000002f00000, 0x0000000003770000, 0x0000000011f00000]
 total_blobs=2713 nmethods=2328 adapters=297
 compilation: enabled

Compilation events (10 events):
Event: 6.057 Thread 0x0000000017ac8800 2357   !   3       org.springframework.boot.autoconfigure.condition.OnClassCondition$MatchType::isPresent (19 bytes)
Event: 6.058 Thread 0x0000000017ac8800 nmethod 2357 0x000000000305add0 code [0x000000000305af80, 0x000000000305b4d8]
Event: 6.058 Thread 0x0000000017ac8800 2358       1       org.springframework.core.type.classreading.SimpleMetadataReader::getClassMetadata (5 bytes)
Event: 6.058 Thread 0x0000000017ac8800 nmethod 2358 0x0000000003093390 code [0x00000000030934e0, 0x00000000030935f0]
Event: 6.059 Thread 0x0000000017ac8800 2359       1       org.springframework.core.type.classreading.AnnotationMetadataReadingVisitor::getAnnotationTypes (5 bytes)
Event: 6.060 Thread 0x0000000017ac8800 nmethod 2359 0x0000000003024410 code [0x0000000003024560, 0x0000000003024670]
Event: 6.060 Thread 0x0000000017ac8800 2360       3       org.springframework.asm.ClassReader::readFrameType (162 bytes)
Event: 6.061 Thread 0x0000000017ac8800 nmethod 2360 0x000000000303f7d0 code [0x000000000303fa80, 0x00000000030410c8]
Event: 6.061 Thread 0x0000000017ac8800 2361       3       org.springframework.asm.ClassReader::readFrame (500 bytes)
Event: 6.062 Thread 0x0000000017ac8800 nmethod 2361 0x0000000003762a50 code [0x0000000003762cc0, 0x0000000003763e08]

GC Heap History (10 events):
Event: 2.453 GC heap before
{Heap before GC invocations=3 (full 0):
 PSYoungGen      total 38400K, used 37530K [0x00000000d5c00000, 0x00000000d8680000, 0x0000000100000000)
  eden space 33280K, 100% used [0x00000000d5c00000,0x00000000d7c80000,0x00000000d7c80000)
  from space 5120K, 83% used [0x00000000d8180000,0x00000000d85a6b80,0x00000000d8680000)
  to   space 5120K, 0% used [0x00000000d7c80000,0x00000000d7c80000,0x00000000d8180000)
 ParOldGen       total 87552K, used 16K [0x0000000081400000, 0x0000000086980000, 0x00000000d5c00000)
  object space 87552K, 0% used [0x0000000081400000,0x0000000081404000,0x0000000086980000)
 Metaspace       used 12275K, capacity 12416K, committed 12672K, reserved 1060864K
  class space    used 1516K, capacity 1560K, committed 1664K, reserved 1048576K
Event: 2.458 GC heap after
Heap after GC invocations=3 (full 0):
 PSYoungGen      total 38400K, used 5103K [0x00000000d5c00000, 0x00000000da700000, 0x0000000100000000)
  eden space 33280K, 0% used [0x00000000d5c00000,0x00000000d5c00000,0x00000000d7c80000)
  from space 5120K, 99% used [0x00000000d7c80000,0x00000000d817bdc0,0x00000000d8180000)
  to   space 5120K, 0% used [0x00000000da200000,0x00000000da200000,0x00000000da700000)
 ParOldGen       total 87552K, used 410K [0x0000000081400000, 0x0000000086980000, 0x00000000d5c00000)
  object space 87552K, 0% used [0x0000000081400000,0x0000000081466998,0x0000000086980000)
 Metaspace       used 12275K, capacity 12416K, committed 12672K, reserved 1060864K
  class space    used 1516K, capacity 1560K, committed 1664K, reserved 1048576K
}
Event: 2.734 GC heap before
{Heap before GC invocations=4 (full 0):
 PSYoungGen      total 38400K, used 38383K [0x00000000d5c00000, 0x00000000da700000, 0x0000000100000000)
  eden space 33280K, 100% used [0x00000000d5c00000,0x00000000d7c80000,0x00000000d7c80000)
  from space 5120K, 99% used [0x00000000d7c80000,0x00000000d817bdc0,0x00000000d8180000)
  to   space 5120K, 0% used [0x00000000da200000,0x00000000da200000,0x00000000da700000)
 ParOldGen       total 87552K, used 410K [0x0000000081400000, 0x0000000086980000, 0x00000000d5c00000)
  object space 87552K, 0% used [0x0000000081400000,0x0000000081466998,0x0000000086980000)
 Metaspace       used 15536K, capacity 15722K, committed 15872K, reserved 1062912K
  class space    used 1923K, capacity 1951K, committed 2048K, reserved 1048576K
Event: 2.741 GC heap after
Heap after GC invocations=4 (full 0):
 PSYoungGen      total 71680K, used 5113K [0x00000000d5c00000, 0x00000000da700000, 0x0000000100000000)
  eden space 66560K, 0% used [0x00000000d5c00000,0x00000000d5c00000,0x00000000d9d00000)
  from space 5120K, 99% used [0x00000000da200000,0x00000000da6fe7b8,0x00000000da700000)
  to   space 5120K, 0% used [0x00000000d9d00000,0x00000000d9d00000,0x00000000da200000)
 ParOldGen       total 87552K, used 1190K [0x0000000081400000, 0x0000000086980000, 0x00000000d5c00000)
  object space 87552K, 1% used [0x0000000081400000,0x0000000081529b80,0x0000000086980000)
 Metaspace       used 15536K, capacity 15722K, committed 15872K, reserved 1062912K
  class space    used 1923K, capacity 1951K, committed 2048K, reserved 1048576K
}
Event: 3.171 GC heap before
{Heap before GC invocations=5 (full 0):
 PSYoungGen      total 71680K, used 71673K [0x00000000d5c00000, 0x00000000da700000, 0x0000000100000000)
  eden space 66560K, 100% used [0x00000000d5c00000,0x00000000d9d00000,0x00000000d9d00000)
  from space 5120K, 99% used [0x00000000da200000,0x00000000da6fe7b8,0x00000000da700000)
  to   space 5120K, 0% used [0x00000000d9d00000,0x00000000d9d00000,0x00000000da200000)
 ParOldGen       total 87552K, used 1190K [0x0000000081400000, 0x0000000086980000, 0x00000000d5c00000)
  object space 87552K, 1% used [0x0000000081400000,0x0000000081529b80,0x0000000086980000)
 Metaspace       used 20760K, capacity 21092K, committed 21296K, reserved 1069056K
  class space    used 2588K, capacity 2661K, committed 2688K, reserved 1048576K
Event: 3.179 GC heap after
Heap after GC invocations=5 (full 0):
 PSYoungGen      total 71680K, used 5103K [0x00000000d5c00000, 0x00000000da700000, 0x0000000100000000)
  eden space 66560K, 0% used [0x00000000d5c00000,0x00000000d5c00000,0x00000000d9d00000)
  from space 5120K, 99% used [0x00000000d9d00000,0x00000000da1fbce0,0x00000000da200000)
  to   space 5120K, 0% used [0x00000000da200000,0x00000000da200000,0x00000000da700000)
 ParOldGen       total 87552K, used 4251K [0x0000000081400000, 0x0000000086980000, 0x00000000d5c00000)
  object space 87552K, 4% used [0x0000000081400000,0x0000000081826cf8,0x0000000086980000)
 Metaspace       used 20760K, capacity 21092K, committed 21296K, reserved 1069056K
  class space    used 2588K, capacity 2661K, committed 2688K, reserved 1048576K
}
Event: 3.179 GC heap before
{Heap before GC invocations=6 (full 1):
 PSYoungGen      total 71680K, used 5103K [0x00000000d5c00000, 0x00000000da700000, 0x0000000100000000)
  eden space 66560K, 0% used [0x00000000d5c00000,0x00000000d5c00000,0x00000000d9d00000)
  from space 5120K, 99% used [0x00000000d9d00000,0x00000000da1fbce0,0x00000000da200000)
  to   space 5120K, 0% used [0x00000000da200000,0x00000000da200000,0x00000000da700000)
 ParOldGen       total 87552K, used 4251K [0x0000000081400000, 0x0000000086980000, 0x00000000d5c00000)
  object space 87552K, 4% used [0x0000000081400000,0x0000000081826cf8,0x0000000086980000)
 Metaspace       used 20760K, capacity 21092K, committed 21296K, reserved 1069056K
  class space    used 2588K, capacity 2661K, committed 2688K, reserved 1048576K
Event: 3.208 GC heap after
Heap after GC invocations=6 (full 1):
 PSYoungGen      total 71680K, used 0K [0x00000000d5c00000, 0x00000000da700000, 0x0000000100000000)
  eden space 66560K, 0% used [0x00000000d5c00000,0x00000000d5c00000,0x00000000d9d00000)
  from space 5120K, 0% used [0x00000000d9d00000,0x00000000d9d00000,0x00000000da200000)
  to   space 5120K, 0% used [0x00000000da200000,0x00000000da200000,0x00000000da700000)
 ParOldGen       total 55296K, used 8053K [0x0000000081400000, 0x0000000084a00000, 0x00000000d5c00000)
  object space 55296K, 14% used [0x0000000081400000,0x0000000081bdd5a0,0x0000000084a00000)
 Metaspace       used 20760K, capacity 21092K, committed 21296K, reserved 1069056K
  class space    used 2588K, capacity 2661K, committed 2688K, reserved 1048576K
}
Event: 5.983 GC heap before
{Heap before GC invocations=7 (full 1):
 PSYoungGen      total 71680K, used 66560K [0x00000000d5c00000, 0x00000000da700000, 0x0000000100000000)
  eden space 66560K, 100% used [0x00000000d5c00000,0x00000000d9d00000,0x00000000d9d00000)
  from space 5120K, 0% used [0x00000000d9d00000,0x00000000d9d00000,0x00000000da200000)
  to   space 5120K, 0% used [0x00000000da200000,0x00000000da200000,0x00000000da700000)
 ParOldGen       total 55296K, used 8053K [0x0000000081400000, 0x0000000084a00000, 0x00000000d5c00000)
  object space 55296K, 14% used [0x0000000081400000,0x0000000081bdd5a0,0x0000000084a00000)
 Metaspace       used 23054K, capacity 23324K, committed 23552K, reserved 1069056K
  class space    used 2877K, capacity 2953K, committed 3072K, reserved 1048576K
Event: 6.008 GC heap after
Heap after GC invocations=7 (full 1):
 PSYoungGen      total 68096K, used 4437K [0x00000000d5c00000, 0x00000000dd800000, 0x0000000100000000)
  eden space 62976K, 0% used [0x00000000d5c00000,0x00000000d5c00000,0x00000000d9980000)
  from space 5120K, 86% used [0x00000000da200000,0x00000000da6557a8,0x00000000da700000)
  to   space 8704K, 0% used [0x00000000d9980000,0x00000000d9980000,0x00000000da200000)
 ParOldGen       total 55296K, used 8061K [0x0000000081400000, 0x0000000084a00000, 0x00000000d5c00000)
  object space 55296K, 14% used [0x0000000081400000,0x0000000081bdf5a0,0x0000000084a00000)
 Metaspace       used 23054K, capacity 23324K, committed 23552K, reserved 1069056K
  class space    used 2877K, capacity 2953K, committed 3072K, reserved 1048576K
}

Deoptimization events (10 events):
Event: 5.552 Thread 0x0000000002e06800 Uncommon trap: reason=array_check action=maybe_recompile pc=0x000000000363732c method=java.util.AbstractCollection.toArray([Ljava/lang/Object;)[Ljava/lang/Object; @ 119
Event: 5.552 Thread 0x0000000002e06800 Uncommon trap: reason=array_check action=maybe_recompile pc=0x000000000363732c method=java.util.AbstractCollection.toArray([Ljava/lang/Object;)[Ljava/lang/Object; @ 119
Event: 5.552 Thread 0x0000000002e06800 Uncommon trap: reason=array_check action=maybe_recompile pc=0x000000000363732c method=java.util.AbstractCollection.toArray([Ljava/lang/Object;)[Ljava/lang/Object; @ 119
Event: 5.555 Thread 0x0000000002e06800 Uncommon trap: reason=unstable_if action=reinterpret pc=0x000000000332d658 method=java.net.URL.<init>(Ljava/net/URL;Ljava/lang/String;Ljava/net/URLStreamHandler;)V @ 347
Event: 5.569 Thread 0x0000000002e06800 Uncommon trap: reason=class_check action=maybe_recompile pc=0x000000000320d5d4 method=java.util.regex.Pattern$CharProperty$1.isSatisfiedBy(I)Z @ 5
Event: 5.569 Thread 0x0000000002e06800 Uncommon trap: reason=class_check action=maybe_recompile pc=0x000000000320d5d4 method=java.util.regex.Pattern$CharProperty$1.isSatisfiedBy(I)Z @ 5
Event: 5.570 Thread 0x0000000002e06800 Uncommon trap: reason=class_check action=maybe_recompile pc=0x000000000320d5d4 method=java.util.regex.Pattern$CharProperty$1.isSatisfiedBy(I)Z @ 5
Event: 5.570 Thread 0x0000000002e06800 Uncommon trap: reason=class_check action=maybe_recompile pc=0x000000000320d5d4 method=java.util.regex.Pattern$CharProperty$1.isSatisfiedBy(I)Z @ 5
Event: 5.613 Thread 0x0000000002e06800 Uncommon trap: reason=unstable_if action=reinterpret pc=0x00000000032c87e0 method=java.io.WinNTFileSystem.normalize(Ljava/lang/String;)Ljava/lang/String; @ 128
Event: 5.617 Thread 0x0000000002e06800 Uncommon trap: reason=bimorphic action=maybe_recompile pc=0x00000000035f7418 method=java.util.regex.Pattern$BmpCharProperty.match(Ljava/util/regex/Matcher;ILjava/lang/CharSequence;)Z @ 31

Internal exceptions (10 events):
Event: 5.521 Thread 0x0000000002e06800 Implicit null exception at 0x000000000329fe3d to 0x00000000032a00e1
Event: 5.536 Thread 0x0000000002e06800 Exception <a 'java/lang/ClassNotFoundException': java/lang/ObjectCustomizer> (0x00000000d726cb30) thrown at [C:\re\workspace\8-2-build-windows-amd64-cygwin\jdk8u131\8869\hotspot\src\share\vm\classfile\systemDictionary.cpp, line 210]
Event: 5.537 Thread 0x0000000002e06800 Exception <a 'java/lang/ClassNotFoundException': org/springframework/boot/SpringApplicationCustomizer> (0x00000000d728d5c0) thrown at [C:\re\workspace\8-2-build-windows-amd64-cygwin\jdk8u131\8869\hotspot\src\share\vm\classfile\systemDictionary.cpp, line 2
Event: 5.604 Thread 0x0000000002e06800 Exception <a 'java/lang/ClassNotFoundException': java/lang/ObjectCustomizer> (0x00000000d7920e50) thrown at [C:\re\workspace\8-2-build-windows-amd64-cygwin\jdk8u131\8869\hotspot\src\share\vm\classfile\systemDictionary.cpp, line 210]
Event: 5.604 Thread 0x0000000002e06800 Exception <a 'java/lang/ClassNotFoundException': org/springframework/context/annotation/ConfigurationClassPostProcessorCustomizer> (0x00000000d794cb90) thrown at [C:\re\workspace\8-2-build-windows-amd64-cygwin\jdk8u131\8869\hotspot\src\share\vm\classfile\
Event: 5.605 Thread 0x0000000002e06800 Exception <a 'java/lang/ClassNotFoundException': org/springframework/beans/factory/support/BeanDefinitionRegistryPostProcessorCustomizer> (0x00000000d79898a8) thrown at [C:\re\workspace\8-2-build-windows-amd64-cygwin\jdk8u131\8869\hotspot\src\share\vm\cla
Event: 5.605 Thread 0x0000000002e06800 Exception <a 'java/lang/ClassNotFoundException': org/springframework/core/PriorityOrderedCustomizer> (0x00000000d79a63c8) thrown at [C:\re\workspace\8-2-build-windows-amd64-cygwin\jdk8u131\8869\hotspot\src\share\vm\classfile\systemDictionary.cpp, line 210
Event: 5.606 Thread 0x0000000002e06800 Exception <a 'java/lang/ClassNotFoundException': org/springframework/context/ResourceLoaderAwareCustomizer> (0x00000000d79c50d8) thrown at [C:\re\workspace\8-2-build-windows-amd64-cygwin\jdk8u131\8869\hotspot\src\share\vm\classfile\systemDictionary.cpp, l
Event: 5.606 Thread 0x0000000002e06800 Exception <a 'java/lang/ClassNotFoundException': org/springframework/beans/factory/BeanClassLoaderAwareCustomizer> (0x00000000d79e8118) thrown at [C:\re\workspace\8-2-build-windows-amd64-cygwin\jdk8u131\8869\hotspot\src\share\vm\classfile\systemDictionary
Event: 5.606 Thread 0x0000000002e06800 Exception <a 'java/lang/ClassNotFoundException': org/springframework/context/EnvironmentAwareCustomizer> (0x00000000d7a06f28) thrown at [C:\re\workspace\8-2-build-windows-amd64-cygwin\jdk8u131\8869\hotspot\src\share\vm\classfile\systemDictionary.cpp, line

Events (10 events):
Event: 6.052 loading class com/lance/eshop/service/SayHelloService
Event: 6.052 loading class com/lance/eshop/service/SayHelloService done
Event: 6.052 loading class org/springframework/boot/autoconfigure/web/WebMvcProperties
Event: 6.052 loading class org/springframework/boot/autoconfigure/web/WebMvcProperties done
Event: 6.053 loading class org/springframework/boot/autoconfigure/web/DispatcherServletAutoConfiguration$DefaultDispatcherServletCondition
Event: 6.053 loading class org/springframework/boot/autoconfigure/web/DispatcherServletAutoConfiguration$DefaultDispatcherServletCondition done
Event: 6.061 loading class org/springframework/boot/autoconfigure/validation/PrimaryDefaultValidatorPostProcessor
Event: 6.061 loading class org/springframework/boot/autoconfigure/validation/PrimaryDefaultValidatorPostProcessor done
Event: 6.063 Thread 0x0000000002e06800 DEOPT PACKING pc=0x000000000303374c sp=0x0000000002dddb70
Event: 6.063 Thread 0x0000000002e06800 DEOPT UNPACKING pc=0x0000000002f4787f sp=0x0000000002ddd9e8 mode 0


Dynamic libraries:
0x00007ff7efd10000 - 0x00007ff7efd47000 	C:\Program Files\Java\jre1.8.0_131\bin\javaw.exe
0x00007ffbb5110000 - 0x00007ffbb52f1000 	C:\Windows\SYSTEM32\ntdll.dll
0x00007ffbb30b0000 - 0x00007ffbb3162000 	C:\Windows\System32\KERNEL32.DLL
0x00007ffbb1c70000 - 0x00007ffbb1ee3000 	C:\Windows\System32\KERNELBASE.dll
0x00007ffbb2f50000 - 0x00007ffbb2ff1000 	C:\Windows\System32\ADVAPI32.dll
0x00007ffbb4fb0000 - 0x00007ffbb504e000 	C:\Windows\System32\msvcrt.dll
0x00007ffbb2930000 - 0x00007ffbb298b000 	C:\Windows\System32\sechost.dll
0x00007ffbb3300000 - 0x00007ffbb3424000 	C:\Windows\System32\RPCRT4.dll
0x00007ffbb3170000 - 0x00007ffbb3300000 	C:\Windows\System32\USER32.dll
0x00007ffbb1c50000 - 0x00007ffbb1c70000 	C:\Windows\System32\win32u.dll
0x00007ffbb3500000 - 0x00007ffbb3528000 	C:\Windows\System32\GDI32.dll
0x00007ffbb1fe0000 - 0x00007ffbb2172000 	C:\Windows\System32\gdi32full.dll
0x00007ffbb1f40000 - 0x00007ffbb1fdf000 	C:\Windows\System32\msvcp_win.dll
0x00007ffbb2180000 - 0x00007ffbb2278000 	C:\Windows\System32\ucrtbase.dll
0x00007ffba4c60000 - 0x00007ffba4ec9000 	C:\Windows\WinSxS\amd64_microsoft.windows.common-controls_6595b64144ccf1df_6.0.17134.648_none_fb45a0e93062a6d2\COMCTL32.dll
0x00007ffbb25a0000 - 0x00007ffbb28c2000 	C:\Windows\System32\combase.dll
0x00007ffbb2280000 - 0x00007ffbb22fa000 	C:\Windows\System32\bcryptPrimitives.dll
0x00007ffbb3000000 - 0x00007ffbb302d000 	C:\Windows\System32\IMM32.DLL
0x000000006c3b0000 - 0x000000006c482000 	C:\Program Files\Java\jre1.8.0_131\bin\msvcr100.dll
0x000000006a740000 - 0x000000006afdc000 	C:\Program Files\Java\jre1.8.0_131\bin\server\jvm.dll
0x00007ffbb3b00000 - 0x00007ffbb3b08000 	C:\Windows\System32\PSAPI.DLL
0x00007ffbaa7a0000 - 0x00007ffbaa7a9000 	C:\Windows\SYSTEM32\WSOCK32.dll
0x00007ffbb3030000 - 0x00007ffbb309c000 	C:\Windows\System32\WS2_32.dll
0x00007ffbaf690000 - 0x00007ffbaf6b3000 	C:\Windows\SYSTEM32\WINMM.dll
0x00007ffba26d0000 - 0x00007ffba26da000 	C:\Windows\SYSTEM32\VERSION.dll
0x00007ffbaf630000 - 0x00007ffbaf65a000 	C:\Windows\SYSTEM32\WINMMBASE.dll
0x00007ffbb1ef0000 - 0x00007ffbb1f39000 	C:\Windows\System32\cfgmgr32.dll
0x000000006a730000 - 0x000000006a73f000 	C:\Program Files\Java\jre1.8.0_131\bin\verify.dll
0x000000006a700000 - 0x000000006a729000 	C:\Program Files\Java\jre1.8.0_131\bin\java.dll
0x000000006a6e0000 - 0x000000006a6f6000 	C:\Program Files\Java\jre1.8.0_131\bin\zip.dll
0x00007ffbb3b70000 - 0x00007ffbb4fb0000 	C:\Windows\System32\SHELL32.dll
0x00007ffbb3450000 - 0x00007ffbb34f9000 	C:\Windows\System32\shcore.dll
0x00007ffbb14e0000 - 0x00007ffbb1bed000 	C:\Windows\System32\windows.storage.dll
0x00007ffbb3b10000 - 0x00007ffbb3b61000 	C:\Windows\System32\shlwapi.dll
0x00007ffbb14c0000 - 0x00007ffbb14d1000 	C:\Windows\System32\kernel.appcore.dll
0x00007ffbb1420000 - 0x00007ffbb143f000 	C:\Windows\System32\profapi.dll
0x00007ffbb1450000 - 0x00007ffbb149c000 	C:\Windows\System32\powrprof.dll
0x00007ffbb1440000 - 0x00007ffbb144a000 	C:\Windows\System32\FLTLIB.DLL
0x000000006a6c0000 - 0x000000006a6da000 	C:\Program Files\Java\jre1.8.0_131\bin\net.dll
0x00007ffbb0ca0000 - 0x00007ffbb0d06000 	C:\Windows\system32\mswsock.dll
0x00007ffbb0a20000 - 0x00007ffbb0a58000 	C:\Windows\SYSTEM32\IPHLPAPI.DLL
0x00007ffbb30a0000 - 0x00007ffbb30a8000 	C:\Windows\System32\NSI.dll
0x00007ffbacab0000 - 0x00007ffbacac6000 	C:\Windows\SYSTEM32\dhcpcsvc6.DLL
0x00007ffbac700000 - 0x00007ffbac71a000 	C:\Windows\SYSTEM32\dhcpcsvc.DLL
0x00007ffbb0a60000 - 0x00007ffbb0b1e000 	C:\Windows\SYSTEM32\DNSAPI.dll
0x000000006cac0000 - 0x000000006cae6000 	C:\Program Files\Bonjour\mdnsNSP.dll
0x000000006c6a0000 - 0x000000006c6ad000 	C:\Program Files\Java\jre1.8.0_131\bin\management.dll
0x00007ffba0500000 - 0x00007ffba0516000 	C:\Windows\system32\napinsp.dll
0x00007ffba04b0000 - 0x00007ffba04ca000 	C:\Windows\system32\pnrpnsp.dll
0x00007ffbaed50000 - 0x00007ffbaed69000 	C:\Windows\system32\NLAapi.dll
0x00007ffba0760000 - 0x00007ffba076e000 	C:\Windows\System32\winrnr.dll
0x00007ffbac550000 - 0x00007ffbac55a000 	C:\Windows\System32\rasadhlp.dll
0x00007ffbaae50000 - 0x00007ffbaaec2000 	C:\Windows\System32\fwpuclnt.dll
0x00007ffbb0f80000 - 0x00007ffbb0fa5000 	C:\Windows\SYSTEM32\bcrypt.dll
0x000000006a6a0000 - 0x000000006a6b1000 	C:\Program Files\Java\jre1.8.0_131\bin\nio.dll

VM Arguments:
jvm_args: -Dfile.encoding=UTF-8 
java_command: com.lance.eshop.GreetingServiceApplication
java_class_path (initial): C:\Program Files\Java\jre1.8.0_131\lib\resources.jar;C:\Program Files\Java\jre1.8.0_131\lib\rt.jar;C:\Program Files\Java\jre1.8.0_131\lib\jsse.jar;C:\Program Files\Java\jre1.8.0_131\lib\jce.jar;C:\Program Files\Java\jre1.8.0_131\lib\charsets.jar;C:\Program Files\Java\jre1.8.0_131\lib\jfr.jar;C:\Program Files\Java\jre1.8.0_131\lib\ext\access-bridge-64.jar;C:\Program Files\Java\jre1.8.0_131\lib\ext\cldrdata.jar;C:\Program Files\Java\jre1.8.0_131\lib\ext\dnsns.jar;C:\Program Files\Java\jre1.8.0_131\lib\ext\dns_sd.jar;C:\Program Files\Java\jre1.8.0_131\lib\ext\jaccess.jar;C:\Program Files\Java\jre1.8.0_131\lib\ext\jfxrt.jar;C:\Program Files\Java\jre1.8.0_131\lib\ext\localedata.jar;C:\Program Files\Java\jre1.8.0_131\lib\ext\nashorn.jar;C:\Program Files\Java\jre1.8.0_131\lib\ext\sunec.jar;C:\Program Files\Java\jre1.8.0_131\lib\ext\sunjce_provider.jar;C:\Program Files\Java\jre1.8.0_131\lib\ext\sunmscapi.jar;C:\Program Files\Java\jre1.8.0_131\lib\ext\sunpkcs11.jar;C:\Program Files\Java\jre1.8.0_131\lib\ext\zipfs.jar;D:\workspace\greeting-service\target\classes;D:\repository\org\springframework\cloud\spring-cloud-starter-eureka\1.4.6.RELEASE\spring-cloud-starter-eureka-1.4.6.RELEASE.jar;D:\repository\org\springframework\cloud\spring-cloud-starter-netflix-eureka-client\1.4.6.RELEASE\spring-cloud-starter-netflix-eureka-client-1.4.6.RELEASE.jar;D:\repository\org\springframework\cloud\spring-cloud-starter\1.3.5.RELEASE\spring-cloud-starter-1.3.5.RELEASE.jar;D:\repository\org\springframework\cloud\spring-cloud-context\1.3.5.RELEASE\spring-cloud-context-1.3.5.RELEASE.jar;D:\repository\org\springframework\security\spring-security-rsa\1.0.3.RELEASE\spring-security-rsa-1.0.3.RELEASE.jar;D:\repository\org\bouncycastle\bcpkix-jdk15on\1.55\bcpkix-jdk15on-1.55.jar;D:\repository\org\bouncycastle\bcprov-jdk15on\1.55\bcprov-jdk15on-1.55.jar;D:\repository\org\springframework\cloud\spring-cloud-netflix-core\1.4.6.RELEASE\spring-cloud-netflix-core-1.4.6.RELEASE.jar
Launcher Type: SUN_STANDARD

Environment Variables:
JAVA_HOME=D:\soft_javaee\jdk1.8.0_121
CLASSPATH=D:\soft_javaee\apache-jmeter-5.0\lib\ext\ApacheJMeter_core.jar;D:\soft_javaee\apache-jmeter-5.0\lib\jorphan.jar;D:\soft_javaee\apache-jmeter-5.0\lib/logkit-2.0.jar
PATH=C:/Program Files/Java/jre1.8.0_131/bin/server;C:/Program Files/Java/jre1.8.0_131/bin;C:/Program Files/Java/jre1.8.0_131/lib/amd64;C:\Program Files\Microsoft MPI\Bin\;C:\ProgramData\Oracle\Java\javapath;C:\Windows\system32;C:\Windows;C:\Windows\System32\Wbem;C:\Windows\System32\WindowsPowerShell\v1.0\;C:\Windows\System32\OpenSSH\;C:\Program Files\MySQL\MySQL Utilities 1.6\;C:\Program Files\Git\cmd;C:\Program Files\Microsoft SQL Server\Client SDK\ODBC\130\Tools\Binn\;C:\Program Files (x86)\Microsoft SQL Server\140\Tools\Binn\;C:\Program Files\Microsoft SQL Server\140\Tools\Binn\;C:\Program Files\Microsoft SQL Server\140\DTS\Binn\;C:\Program Files\TortoiseGit\bin;D:\soft_javaee\jdk1.8.0_121\bin\;D:\soft_javaee\jdk1.8.0_121\jre\bin\;C:\Program Files\TortoiseSVN\bin;C:\Users\Administrator\AppData\Local\Microsoft\WindowsApps;;D:\eclipse-win32-x86_64\eclipse;
USERNAME=Administrator
OS=Windows_NT
PROCESSOR_IDENTIFIER=Intel64 Family 6 Model 158 Stepping 11, GenuineIntel



---------------  S Y S T E M  ---------------

OS: Windows 10.0 , 64 bit Build 17134 (10.0.17134.648)

CPU:total 4 (initial active 4) (4 cores per cpu, 1 threads per core) family 6 model 158 stepping 11, cmov, cx8, fxsr, mmx, sse, sse2, sse3, ssse3, sse4.1, sse4.2, popcnt, avx, avx2, aes, clmul, erms, 3dnowpref, lzcnt, tsc, tscinvbit, bmi1, bmi2, adx

Memory: 4k page, physical 8304820k(569468k free), swap 16069424k(4176k free)

vm_info: Java HotSpot(TM) 64-Bit Server VM (25.131-b11) for windows-amd64 JRE (1.8.0_131-b11), built on Mar 15 2017 01:23:53 by "java_re" with MS VC++ 10.0 (VS2010)

time: Thu Mar 21 18:00:52 2019
elapsed time: 6 seconds (0d 0h 0m 6s)

